<?xml version="1.0" encoding="UTF-8"?>
<coverage generated="1770478299321" clover="3.2.0">
  <project timestamp="1770478299321" name="All files">
    <metrics statements="230" coveredstatements="196" conditionals="269" coveredconditionals="180" methods="66" coveredmethods="53" elements="565" coveredelements="429" complexity="0" loc="230" ncloc="230" packages="1" files="6" classes="6"/>
    <file name="handleHistoryChange.js" path="/Users/ryanmahoney/Documents/Universal-Route/src/handleHistoryChange.js">
      <metrics statements="72" coveredstatements="54" conditionals="104" coveredconditionals="68" methods="19" coveredmethods="12"/>
      <line num="3" count="2" type="stmt"/>
      <line num="5" count="13" type="cond" truecount="3" falsecount="1"/>
      <line num="6" count="13" type="cond" truecount="1" falsecount="1"/>
      <line num="7" count="13" type="stmt"/>
      <line num="10" count="0" type="stmt"/>
      <line num="11" count="0" type="stmt"/>
      <line num="12" count="0" type="stmt"/>
      <line num="13" count="0" type="stmt"/>
      <line num="14" count="0" type="stmt"/>
      <line num="15" count="0" type="stmt"/>
      <line num="20" count="0" type="stmt"/>
      <line num="21" count="0" type="stmt"/>
      <line num="22" count="0" type="cond" truecount="0" falsecount="2"/>
      <line num="25" count="0" type="stmt"/>
      <line num="26" count="0" type="stmt"/>
      <line num="27" count="0" type="cond" truecount="0" falsecount="2"/>
      <line num="28" count="0" type="stmt"/>
      <line num="32" count="2" type="stmt"/>
      <line num="33" count="2" type="stmt"/>
      <line num="34" count="2" type="stmt"/>
      <line num="37" count="13" type="stmt"/>
      <line num="38" count="13" type="cond" truecount="1" falsecount="1"/>
      <line num="43" count="13" type="stmt"/>
      <line num="46" count="0" type="stmt"/>
      <line num="50" count="13" type="cond" truecount="3" falsecount="1"/>
      <line num="51" count="13" type="stmt"/>
      <line num="52" count="13" type="stmt"/>
      <line num="56" count="9" type="cond" truecount="2" falsecount="0"/>
      <line num="57" count="8" type="cond" truecount="2" falsecount="0"/>
      <line num="58" count="7" type="stmt"/>
      <line num="67" count="0" type="cond" truecount="0" falsecount="4"/>
      <line num="72" count="9" type="cond" truecount="3" falsecount="1"/>
      <line num="73" count="0" type="stmt"/>
      <line num="76" count="9" type="cond" truecount="2" falsecount="0"/>
      <line num="77" count="1" type="stmt"/>
      <line num="79" count="8" type="stmt"/>
      <line num="81" count="8" type="stmt"/>
      <line num="83" count="13" type="cond" truecount="4" falsecount="0"/>
      <line num="84" count="11" type="stmt"/>
      <line num="85" count="11" type="stmt"/>
      <line num="88" count="13" type="stmt"/>
      <line num="89" count="13" type="stmt"/>
      <line num="92" count="13" type="cond" truecount="3" falsecount="1"/>
      <line num="93" count="13" type="cond" truecount="3" falsecount="1"/>
      <line num="95" count="13" type="stmt"/>
      <line num="98" count="13" type="stmt"/>
      <line num="106" count="11" type="cond" truecount="3" falsecount="1"/>
      <line num="107" count="11" type="stmt"/>
      <line num="109" count="11" type="cond" truecount="2" falsecount="2"/>
      <line num="112" count="0" type="cond" truecount="0" falsecount="2"/>
      <line num="116" count="2" type="stmt"/>
      <line num="119" count="13" type="cond" truecount="2" falsecount="0"/>
      <line num="120" count="10" type="cond" truecount="3" falsecount="1"/>
      <line num="124" count="10" type="cond" truecount="3" falsecount="0"/>
      <line num="125" count="10" type="cond" truecount="2" falsecount="1"/>
      <line num="128" count="10" type="cond" truecount="2" falsecount="0"/>
      <line num="129" count="9" type="stmt"/>
      <line num="130" count="9" type="cond" truecount="2" falsecount="0"/>
      <line num="131" count="8" type="cond" truecount="2" falsecount="0"/>
      <line num="134" count="10" type="stmt"/>
      <line num="140" count="10" type="cond" truecount="4" falsecount="0"/>
      <line num="142" count="8" type="stmt"/>
      <line num="146" count="10" type="cond" truecount="3" falsecount="1"/>
      <line num="147" count="10" type="cond" truecount="2" falsecount="0"/>
      <line num="148" count="9" type="stmt"/>
      <line num="150" count="1" type="cond" truecount="3" falsecount="1"/>
      <line num="151" count="1" type="stmt"/>
      <line num="152" count="1" type="cond" truecount="1" falsecount="1"/>
      <line num="153" count="1" type="stmt"/>
      <line num="154" count="1" type="cond" truecount="2" falsecount="2"/>
      <line num="164" count="2" type="stmt"/>
      <line num="167" count="0" type="stmt"/>
    </file>
    <file name="helper.js" path="/Users/ryanmahoney/Documents/Universal-Route/src/helper.js">
      <metrics statements="67" coveredstatements="57" conditionals="59" coveredconditionals="39" methods="24" coveredmethods="20"/>
      <line num="5" count="11" type="stmt"/>
      <line num="9" count="3" type="stmt"/>
      <line num="10" count="14" type="cond" truecount="4" falsecount="0"/>
      <line num="11" count="3" type="stmt"/>
      <line num="13" count="11" type="cond" truecount="3" falsecount="1"/>
      <line num="14" count="0" type="stmt"/>
      <line num="17" count="11" type="stmt"/>
      <line num="21" count="14" type="cond" truecount="2" falsecount="0"/>
      <line num="22" count="3" type="stmt"/>
      <line num="23" count="3" type="stmt"/>
      <line num="25" count="11" type="stmt"/>
      <line num="28" count="14" type="stmt"/>
      <line num="29" count="14" type="stmt"/>
      <line num="30" count="11" type="stmt"/>
      <line num="34" count="3" type="stmt"/>
      <line num="37" count="3" type="stmt"/>
      <line num="40" count="5" type="cond" truecount="2" falsecount="0"/>
      <line num="41" count="2" type="stmt"/>
      <line num="42" count="3" type="cond" truecount="1" falsecount="1"/>
      <line num="43" count="3" type="stmt"/>
      <line num="44" count="0" type="cond" truecount="0" falsecount="4"/>
      <line num="46" count="0" type="stmt"/>
      <line num="47" count="0" type="cond" truecount="0" falsecount="4"/>
      <line num="48" count="0" type="stmt"/>
      <line num="50" count="0" type="stmt"/>
      <line num="53" count="5" type="stmt"/>
      <line num="57" count="3" type="cond" truecount="0" falsecount="1"/>
      <line num="58" count="14" type="cond" truecount="0" falsecount="1"/>
      <line num="60" count="14" type="cond" truecount="2" falsecount="2"/>
      <line num="61" count="14" type="stmt"/>
      <line num="65" count="3" type="stmt"/>
      <line num="66" count="8" type="cond" truecount="2" falsecount="0"/>
      <line num="67" count="5" type="stmt"/>
      <line num="69" count="3" type="cond" truecount="3" falsecount="1"/>
      <line num="70" count="3" type="stmt"/>
      <line num="71" count="5" type="stmt"/>
      <line num="74" count="0" type="stmt"/>
      <line num="80" count="3" type="cond" truecount="0" falsecount="1"/>
      <line num="81" count="8" type="stmt"/>
      <line num="83" count="8" type="stmt"/>
      <line num="85" count="19" type="cond" truecount="4" falsecount="0"/>
      <line num="86" count="5" type="stmt"/>
      <line num="89" count="14" type="stmt"/>
      <line num="90" count="14" type="stmt"/>
      <line num="91" count="13" type="stmt"/>
      <line num="92" count="13" type="cond" truecount="2" falsecount="0"/>
      <line num="94" count="7" type="cond" truecount="2" falsecount="0"/>
      <line num="96" count="2" type="stmt"/>
      <line num="99" count="0" type="stmt"/>
      <line num="100" count="0" type="stmt"/>
      <line num="103" count="7" type="stmt"/>
      <line num="106" count="14" type="stmt"/>
      <line num="111" count="3" type="stmt"/>
      <line num="112" count="9" type="stmt"/>
      <line num="113" count="14" type="cond" truecount="1" falsecount="1"/>
      <line num="114" count="14" type="stmt"/>
      <line num="115" count="14" type="cond" truecount="2" falsecount="0"/>
      <line num="116" count="8" type="stmt"/>
      <line num="125" count="1" type="cond" truecount="2" falsecount="0"/>
      <line num="126" count="1" type="cond" truecount="1" falsecount="1"/>
      <line num="127" count="0" type="stmt"/>
      <line num="135" count="1" type="stmt"/>
      <line num="139" count="3" type="stmt"/>
      <line num="141" count="9" type="cond" truecount="2" falsecount="0"/>
      <line num="143" count="23" type="cond" truecount="2" falsecount="0"/>
      <line num="146" count="9" type="cond" truecount="1" falsecount="1"/>
      <line num="149" count="9" type="stmt"/>
    </file>
    <file name="history.js" path="/Users/ryanmahoney/Documents/Universal-Route/src/history.js">
      <metrics statements="3" coveredstatements="3" conditionals="6" coveredconditionals="4" methods="1" coveredmethods="1"/>
      <line num="5" count="2" type="cond" truecount="4" falsecount="1"/>
      <line num="9" count="2" type="cond" truecount="0" falsecount="1"/>
      <line num="10" count="1" type="stmt"/>
    </file>
    <file name="index.js" path="/Users/ryanmahoney/Documents/Universal-Route/src/index.js">
      <metrics statements="0" coveredstatements="0" conditionals="0" coveredconditionals="0" methods="0" coveredmethods="0"/>
    </file>
    <file name="router.js" path="/Users/ryanmahoney/Documents/Universal-Route/src/router.js">
      <metrics statements="61" coveredstatements="56" conditionals="79" coveredconditionals="56" methods="15" coveredmethods="13"/>
      <line num="6" count="2" type="cond" truecount="0" falsecount="2"/>
      <line num="7" count="0" type="cond" truecount="0" falsecount="2"/>
      <line num="8" count="0" type="stmt"/>
      <line num="11" count="2" type="stmt"/>
      <line num="12" count="7" type="cond" truecount="2" falsecount="0"/>
      <line num="13" count="1" type="cond" truecount="3" falsecount="1"/>
      <line num="14" count="0" type="stmt"/>
      <line num="16" count="1" type="cond" truecount="0" falsecount="2"/>
      <line num="17" count="1" type="cond" truecount="3" falsecount="1"/>
      <line num="18" count="0" type="stmt"/>
      <line num="20" count="1" type="stmt"/>
      <line num="23" count="2" type="stmt"/>
      <line num="24" count="3" type="cond" truecount="2" falsecount="0"/>
      <line num="31" count="2" type="stmt"/>
      <line num="33" count="1" type="stmt"/>
      <line num="34" count="1" type="cond" truecount="1" falsecount="1"/>
      <line num="35" count="1" type="stmt"/>
      <line num="36" count="1" type="cond" truecount="2" falsecount="0"/>
      <line num="39" count="2" type="stmt"/>
      <line num="40" count="5" type="cond" truecount="1" falsecount="1"/>
      <line num="48" count="0" type="stmt"/>
      <line num="50" count="5" type="stmt"/>
      <line num="51" count="5" type="cond" truecount="2" falsecount="0"/>
      <line num="52" count="4" type="cond" truecount="4" falsecount="0"/>
      <line num="53" count="3" type="stmt"/>
      <line num="57" count="2" type="cond" truecount="1" falsecount="0"/>
      <line num="58" count="7" type="stmt"/>
      <line num="60" count="7" type="stmt"/>
      <line num="61" count="5" type="cond" truecount="1" falsecount="1"/>
      <line num="62" count="5" type="cond" truecount="2" falsecount="0"/>
      <line num="63" count="2" type="stmt"/>
      <line num="64" count="2" type="cond" truecount="1" falsecount="1"/>
      <line num="65" count="2" type="stmt"/>
      <line num="67" count="7" type="stmt"/>
      <line num="71" count="2" type="stmt"/>
      <line num="72" count="7" type="stmt"/>
      <line num="83" count="5" type="stmt"/>
      <line num="84" count="7" type="cond" truecount="1" falsecount="1"/>
      <line num="88" count="7" type="cond" truecount="1" falsecount="1"/>
      <line num="90" count="7" type="stmt"/>
      <line num="93" count="7" type="cond" truecount="3" falsecount="1"/>
      <line num="95" count="7" type="cond" truecount="2" falsecount="1"/>
      <line num="98" count="7" type="stmt"/>
      <line num="101" count="7" type="stmt"/>
      <line num="103" count="7" type="stmt"/>
      <line num="104" count="5" type="cond" truecount="3" falsecount="1"/>
      <line num="106" count="5" type="stmt"/>
      <line num="107" count="3" type="cond" truecount="3" falsecount="1"/>
      <line num="108" count="3" type="cond" truecount="2" falsecount="0"/>
      <line num="109" count="2" type="stmt"/>
      <line num="110" count="2" type="stmt"/>
      <line num="111" count="2" type="cond" truecount="1" falsecount="1"/>
      <line num="112" count="2" type="stmt"/>
      <line num="121" count="5" type="stmt"/>
      <line num="122" count="5" type="cond" truecount="1" falsecount="1"/>
      <line num="126" count="7" type="cond" truecount="1" falsecount="1"/>
      <line num="127" count="7" type="stmt"/>
      <line num="128" count="7" type="stmt"/>
      <line num="132" count="7" type="cond" truecount="1" falsecount="1"/>
      <line num="133" count="7" type="cond" truecount="1" falsecount="1"/>
      <line num="134" count="7" type="stmt"/>
    </file>
    <file name="scroll.js" path="/Users/ryanmahoney/Documents/Universal-Route/src/scroll.js">
      <metrics statements="27" coveredstatements="26" conditionals="21" coveredconditionals="13" methods="7" coveredmethods="7"/>
      <line num="2" count="3" type="stmt"/>
      <line num="4" count="3" type="stmt"/>
      <line num="9" count="3" type="stmt"/>
      <line num="10" count="1" type="stmt"/>
      <line num="11" count="1" type="cond" truecount="2" falsecount="0"/>
      <line num="14" count="3" type="stmt"/>
      <line num="15" count="9" type="cond" truecount="1" falsecount="1"/>
      <line num="16" count="9" type="stmt"/>
      <line num="17" count="9" type="stmt"/>
      <line num="18" count="9" type="cond" truecount="2" falsecount="0"/>
      <line num="20" count="0" type="stmt"/>
      <line num="24" count="3" type="stmt"/>
      <line num="25" count="5" type="cond" truecount="1" falsecount="1"/>
      <line num="26" count="5" type="stmt"/>
      <line num="27" count="5" type="stmt"/>
      <line num="33" count="3" type="stmt"/>
      <line num="34" count="1" type="stmt"/>
      <line num="35" count="1" type="stmt"/>
      <line num="36" count="1" type="stmt"/>
      <line num="39" count="3" type="stmt"/>
      <line num="40" count="4" type="stmt"/>
      <line num="41" count="4" type="cond" truecount="1" falsecount="1"/>
      <line num="42" count="4" type="stmt"/>
      <line num="45" count="3" type="cond" truecount="0" falsecount="1"/>
      <line num="46" count="4" type="stmt"/>
      <line num="47" count="4" type="cond" truecount="2" falsecount="0"/>
      <line num="48" count="3" type="cond" truecount="2" falsecount="0"/>
    </file>
  </project>
</coverage>
