{"/Users/ryanmahoney/Documents/Universal-Route/src/handleHistoryChange.js": {"path":"/Users/ryanmahoney/Documents/Universal-Route/src/handleHistoryChange.js","statementMap":{"0":{"start":{"line":3,"column":17},"end":{"line":30,"column":1}},"1":{"start":{"line":5,"column":2},"end":{"line":18,"column":3}},"2":{"start":{"line":6,"column":4},"end":{"line":8,"column":5}},"3":{"start":{"line":7,"column":6},"end":{"line":7,"column":44}},"4":{"start":{"line":10,"column":16},"end":{"line":10,"column":34}},"5":{"start":{"line":11,"column":4},"end":{"line":11,"column":43}},"6":{"start":{"line":12,"column":4},"end":{"line":12,"column":36}},"7":{"start":{"line":13,"column":4},"end":{"line":13,"column":36}},"8":{"start":{"line":14,"column":16},"end":{"line":14,"column":68}},"9":{"start":{"line":14,"column":36},"end":{"line":14,"column":67}},"10":{"start":{"line":15,"column":4},"end":{"line":17,"column":73}},"11":{"start":{"line":20,"column":2},"end":{"line":23,"column":12}},"12":{"start":{"line":21,"column":27},"end":{"line":21,"column":49}},"13":{"start":{"line":22,"column":4},"end":{"line":22,"column":62}},"14":{"start":{"line":22,"column":42},"end":{"line":22,"column":62}},"15":{"start":{"line":25,"column":2},"end":{"line":29,"column":5}},"16":{"start":{"line":26,"column":14},"end":{"line":26,"column":38}},"17":{"start":{"line":27,"column":14},"end":{"line":27,"column":45}},"18":{"start":{"line":28,"column":4},"end":{"line":28,"column":26}},"19":{"start":{"line":32,"column":18},"end":{"line":32,"column":61}},"20":{"start":{"line":33,"column":16},"end":{"line":33,"column":20}},"21":{"start":{"line":34,"column":23},"end":{"line":34,"column":24}},"22":{"start":{"line":37,"column":2},"end":{"line":45,"column":12}},"23":{"start":{"line":38,"column":4},"end":{"line":44,"column":5}},"24":{"start":{"line":43,"column":6},"end":{"line":43,"column":36}},"25":{"start":{"line":46,"column":2},"end":{"line":46,"column":28}},"26":{"start":{"line":50,"column":14},"end":{"line":50,"column":77}},"27":{"start":{"line":51,"column":2},"end":{"line":51,"column":43}},"28":{"start":{"line":52,"column":2},"end":{"line":52,"column":24}},"29":{"start":{"line":56,"column":2},"end":{"line":56,"column":35}},"30":{"start":{"line":56,"column":22},"end":{"line":56,"column":35}},"31":{"start":{"line":57,"column":2},"end":{"line":57,"column":51}},"32":{"start":{"line":57,"column":38},"end":{"line":57,"column":51}},"33":{"start":{"line":58,"column":2},"end":{"line":58,"column":14}},"34":{"start":{"line":67,"column":6},"end":{"line":67,"column":67}},"35":{"start":{"line":67,"column":48},"end":{"line":67,"column":67}},"36":{"start":{"line":72,"column":2},"end":{"line":74,"column":3}},"37":{"start":{"line":73,"column":4},"end":{"line":73,"column":11}},"38":{"start":{"line":76,"column":2},"end":{"line":78,"column":3}},"39":{"start":{"line":77,"column":4},"end":{"line":77,"column":11}},"40":{"start":{"line":79,"column":2},"end":{"line":79,"column":28}},"41":{"start":{"line":81,"column":2},"end":{"line":160,"column":5}},"42":{"start":{"line":83,"column":4},"end":{"line":87,"column":5}},"43":{"start":{"line":84,"column":6},"end":{"line":86,"column":16}},"44":{"start":{"line":85,"column":8},"end":{"line":85,"column":26}},"45":{"start":{"line":88,"column":22},"end":{"line":88,"column":40}},"46":{"start":{"line":89,"column":4},"end":{"line":90,"column":76}},"47":{"start":{"line":92,"column":4},"end":{"line":92,"column":73}},"48":{"start":{"line":92,"column":57},"end":{"line":92,"column":73}},"49":{"start":{"line":93,"column":4},"end":{"line":93,"column":75}},"50":{"start":{"line":93,"column":58},"end":{"line":93,"column":75}},"51":{"start":{"line":95,"column":16},"end":{"line":95,"column":34}},"52":{"start":{"line":98,"column":4},"end":{"line":159,"column":9}},"53":{"start":{"line":106,"column":19},"end":{"line":106,"column":52}},"54":{"start":{"line":107,"column":8},"end":{"line":113,"column":13}},"55":{"start":{"line":109,"column":12},"end":{"line":109,"column":72}},"56":{"start":{"line":112,"column":12},"end":{"line":112,"column":64}},"57":{"start":{"line":116,"column":8},"end":{"line":116,"column":41}},"58":{"start":{"line":119,"column":8},"end":{"line":119,"column":51}},"59":{"start":{"line":119,"column":44},"end":{"line":119,"column":51}},"60":{"start":{"line":120,"column":8},"end":{"line":120,"column":77}},"61":{"start":{"line":120,"column":61},"end":{"line":120,"column":77}},"62":{"start":{"line":124,"column":10},"end":{"line":124,"column":67}},"63":{"start":{"line":125,"column":23},"end":{"line":125,"column":58}},"64":{"start":{"line":128,"column":8},"end":{"line":132,"column":9}},"65":{"start":{"line":129,"column":20},"end":{"line":129,"column":36}},"66":{"start":{"line":130,"column":10},"end":{"line":131,"column":50}},"67":{"start":{"line":130,"column":27},"end":{"line":130,"column":45}},"68":{"start":{"line":131,"column":15},"end":{"line":131,"column":50}},"69":{"start":{"line":131,"column":32},"end":{"line":131,"column":50}},"70":{"start":{"line":134,"column":8},"end":{"line":137,"column":11}},"71":{"start":{"line":140,"column":8},"end":{"line":143,"column":9}},"72":{"start":{"line":142,"column":10},"end":{"line":142,"column":31}},"73":{"start":{"line":146,"column":8},"end":{"line":158,"column":9}},"74":{"start":{"line":147,"column":10},"end":{"line":157,"column":11}},"75":{"start":{"line":148,"column":12},"end":{"line":148,"column":34}},"76":{"start":{"line":150,"column":24},"end":{"line":150,"column":76}},"77":{"start":{"line":151,"column":25},"end":{"line":151,"column":57}},"78":{"start":{"line":152,"column":12},"end":{"line":156,"column":13}},"79":{"start":{"line":153,"column":14},"end":{"line":155,"column":22}},"80":{"start":{"line":154,"column":16},"end":{"line":154,"column":58}},"81":{"start":{"line":164,"column":24},"end":{"line":171,"column":1}},"82":{"start":{"line":167,"column":4},"end":{"line":169,"column":6}}},"fnMap":{"0":{"name":"(anonymous_0)","decl":{"start":{"line":3,"column":17},"end":{"line":3,"column":18}},"loc":{"start":{"line":3,"column":23},"end":{"line":30,"column":1}},"line":3},"1":{"name":"(anonymous_1)","decl":{"start":{"line":14,"column":29},"end":{"line":14,"column":30}},"loc":{"start":{"line":14,"column":36},"end":{"line":14,"column":67}},"line":14},"2":{"name":"(anonymous_2)","decl":{"start":{"line":25,"column":65},"end":{"line":25,"column":66}},"loc":{"start":{"line":25,"column":72},"end":{"line":29,"column":3}},"line":25},"3":{"name":"originOf","decl":{"start":{"line":36,"column":9},"end":{"line":36,"column":17}},"loc":{"start":{"line":36,"column":20},"end":{"line":47,"column":1}},"line":36},"4":{"name":"buildUrl","decl":{"start":{"line":49,"column":9},"end":{"line":49,"column":17}},"loc":{"start":{"line":49,"column":23},"end":{"line":53,"column":1}},"line":49},"5":{"name":"kindFrom","decl":{"start":{"line":55,"column":9},"end":{"line":55,"column":17}},"loc":{"start":{"line":55,"column":26},"end":{"line":59,"column":1}},"line":55},"6":{"name":"handleHistoryChange","decl":{"start":{"line":61,"column":24},"end":{"line":61,"column":43}},"loc":{"start":{"line":71,"column":2},"end":{"line":161,"column":1}},"line":71},"7":{"name":"(anonymous_7)","decl":{"start":{"line":66,"column":15},"end":{"line":66,"column":16}},"loc":{"start":{"line":66,"column":28},"end":{"line":68,"column":5}},"line":66},"8":{"name":"(anonymous_8)","decl":{"start":{"line":69,"column":17},"end":{"line":69,"column":18}},"loc":{"start":{"line":69,"column":25},"end":{"line":69,"column":27}},"line":69},"9":{"name":"(anonymous_9)","decl":{"start":{"line":69,"column":29},"end":{"line":69,"column":30}},"loc":{"start":{"line":69,"column":36},"end":{"line":69,"column":38}},"line":69},"10":{"name":"(anonymous_10)","decl":{"start":{"line":81,"column":17},"end":{"line":81,"column":18}},"loc":{"start":{"line":81,"column":49},"end":{"line":160,"column":3}},"line":81},"11":{"name":"(anonymous_11)","decl":{"start":{"line":105,"column":12},"end":{"line":105,"column":13}},"loc":{"start":{"line":105,"column":27},"end":{"line":114,"column":7}},"line":105},"12":{"name":"(anonymous_12)","decl":{"start":{"line":108,"column":16},"end":{"line":108,"column":17}},"loc":{"start":{"line":108,"column":32},"end":{"line":110,"column":11}},"line":108},"13":{"name":"(anonymous_13)","decl":{"start":{"line":111,"column":17},"end":{"line":111,"column":18}},"loc":{"start":{"line":111,"column":29},"end":{"line":113,"column":11}},"line":111},"14":{"name":"(anonymous_14)","decl":{"start":{"line":115,"column":13},"end":{"line":115,"column":14}},"loc":{"start":{"line":115,"column":25},"end":{"line":117,"column":7}},"line":115},"15":{"name":"(anonymous_15)","decl":{"start":{"line":118,"column":12},"end":{"line":118,"column":13}},"loc":{"start":{"line":118,"column":40},"end":{"line":159,"column":7}},"line":118},"16":{"name":"(anonymous_16)","decl":{"start":{"line":153,"column":25},"end":{"line":153,"column":26}},"loc":{"start":{"line":153,"column":37},"end":{"line":155,"column":15}},"line":153},"17":{"name":"(anonymous_17)","decl":{"start":{"line":165,"column":9},"end":{"line":165,"column":10}},"loc":{"start":{"line":165,"column":21},"end":{"line":165,"column":23}},"line":165},"18":{"name":"(anonymous_18)","decl":{"start":{"line":166,"column":9},"end":{"line":166,"column":10}},"loc":{"start":{"line":166,"column":21},"end":{"line":170,"column":3}},"line":166}},"branchMap":{"0":{"loc":{"start":{"line":5,"column":2},"end":{"line":18,"column":3}},"type":"if","locations":[{"start":{"line":5,"column":2},"end":{"line":18,"column":3}},{"start":{},"end":{}}],"line":5},"1":{"loc":{"start":{"line":5,"column":6},"end":{"line":5,"column":60}},"type":"binary-expr","locations":[{"start":{"line":5,"column":6},"end":{"line":5,"column":39}},{"start":{"line":5,"column":43},"end":{"line":5,"column":60}}],"line":5},"2":{"loc":{"start":{"line":6,"column":4},"end":{"line":8,"column":5}},"type":"if","locations":[{"start":{"line":6,"column":4},"end":{"line":8,"column":5}},{"start":{},"end":{}}],"line":6},"3":{"loc":{"start":{"line":22,"column":4},"end":{"line":22,"column":62}},"type":"if","locations":[{"start":{"line":22,"column":4},"end":{"line":22,"column":62}},{"start":{},"end":{}}],"line":22},"4":{"loc":{"start":{"line":27,"column":14},"end":{"line":27,"column":45}},"type":"cond-expr","locations":[{"start":{"line":27,"column":26},"end":{"line":27,"column":27}},{"start":{"line":27,"column":30},"end":{"line":27,"column":45}}],"line":27},"5":{"loc":{"start":{"line":38,"column":4},"end":{"line":44,"column":5}},"type":"if","locations":[{"start":{"line":38,"column":4},"end":{"line":44,"column":5}},{"start":{},"end":{}}],"line":38},"6":{"loc":{"start":{"line":39,"column":6},"end":{"line":41,"column":28}},"type":"binary-expr","locations":[{"start":{"line":39,"column":6},"end":{"line":39,"column":35}},{"start":{"line":40,"column":6},"end":{"line":40,"column":21}},{"start":{"line":41,"column":6},"end":{"line":41,"column":28}}],"line":39},"7":{"loc":{"start":{"line":50,"column":23},"end":{"line":50,"column":42}},"type":"binary-expr","locations":[{"start":{"line":50,"column":23},"end":{"line":50,"column":35}},{"start":{"line":50,"column":39},"end":{"line":50,"column":42}}],"line":50},"8":{"loc":{"start":{"line":50,"column":47},"end":{"line":50,"column":63}},"type":"binary-expr","locations":[{"start":{"line":50,"column":47},"end":{"line":50,"column":57}},{"start":{"line":50,"column":61},"end":{"line":50,"column":63}}],"line":50},"9":{"loc":{"start":{"line":56,"column":2},"end":{"line":56,"column":35}},"type":"if","locations":[{"start":{"line":56,"column":2},"end":{"line":56,"column":35}},{"start":{},"end":{}}],"line":56},"10":{"loc":{"start":{"line":57,"column":2},"end":{"line":57,"column":51}},"type":"if","locations":[{"start":{"line":57,"column":2},"end":{"line":57,"column":51}},{"start":{},"end":{}}],"line":57},"11":{"loc":{"start":{"line":63,"column":2},"end":{"line":70,"column":8}},"type":"default-arg","locations":[{"start":{"line":70,"column":6},"end":{"line":70,"column":8}}],"line":63},"12":{"loc":{"start":{"line":65,"column":4},"end":{"line":65,"column":63}},"type":"default-arg","locations":[{"start":{"line":65,"column":16},"end":{"line":65,"column":63}}],"line":65},"13":{"loc":{"start":{"line":65,"column":16},"end":{"line":65,"column":63}},"type":"binary-expr","locations":[{"start":{"line":65,"column":17},"end":{"line":65,"column":45}},{"start":{"line":65,"column":49},"end":{"line":65,"column":54}},{"start":{"line":65,"column":59},"end":{"line":65,"column":63}}],"line":65},"14":{"loc":{"start":{"line":66,"column":4},"end":{"line":68,"column":5}},"type":"default-arg","locations":[{"start":{"line":66,"column":15},"end":{"line":68,"column":5}}],"line":66},"15":{"loc":{"start":{"line":67,"column":6},"end":{"line":67,"column":67}},"type":"if","locations":[{"start":{"line":67,"column":6},"end":{"line":67,"column":67}},{"start":{},"end":{}}],"line":67},"16":{"loc":{"start":{"line":67,"column":10},"end":{"line":67,"column":46}},"type":"binary-expr","locations":[{"start":{"line":67,"column":10},"end":{"line":67,"column":41}},{"start":{"line":67,"column":45},"end":{"line":67,"column":46}}],"line":67},"17":{"loc":{"start":{"line":69,"column":4},"end":{"line":69,"column":40}},"type":"default-arg","locations":[{"start":{"line":69,"column":15},"end":{"line":69,"column":40}}],"line":69},"18":{"loc":{"start":{"line":72,"column":2},"end":{"line":74,"column":3}},"type":"if","locations":[{"start":{"line":72,"column":2},"end":{"line":74,"column":3}},{"start":{},"end":{}}],"line":72},"19":{"loc":{"start":{"line":72,"column":6},"end":{"line":72,"column":28}},"type":"binary-expr","locations":[{"start":{"line":72,"column":6},"end":{"line":72,"column":14}},{"start":{"line":72,"column":18},"end":{"line":72,"column":28}}],"line":72},"20":{"loc":{"start":{"line":76,"column":2},"end":{"line":78,"column":3}},"type":"if","locations":[{"start":{"line":76,"column":2},"end":{"line":78,"column":3}},{"start":{},"end":{}}],"line":76},"21":{"loc":{"start":{"line":83,"column":4},"end":{"line":87,"column":5}},"type":"if","locations":[{"start":{"line":83,"column":4},"end":{"line":87,"column":5}},{"start":{},"end":{}}],"line":83},"22":{"loc":{"start":{"line":83,"column":8},"end":{"line":83,"column":58}},"type":"binary-expr","locations":[{"start":{"line":83,"column":8},"end":{"line":83,"column":17}},{"start":{"line":83,"column":21},"end":{"line":83,"column":58}}],"line":83},"23":{"loc":{"start":{"line":90,"column":6},"end":{"line":90,"column":75}},"type":"cond-expr","locations":[{"start":{"line":90,"column":47},"end":{"line":90,"column":68}},{"start":{"line":90,"column":71},"end":{"line":90,"column":75}}],"line":90},"24":{"loc":{"start":{"line":92,"column":4},"end":{"line":92,"column":73}},"type":"if","locations":[{"start":{"line":92,"column":4},"end":{"line":92,"column":73}},{"start":{},"end":{}}],"line":92},"25":{"loc":{"start":{"line":92,"column":8},"end":{"line":92,"column":55}},"type":"binary-expr","locations":[{"start":{"line":92,"column":8},"end":{"line":92,"column":16}},{"start":{"line":92,"column":20},"end":{"line":92,"column":55}}],"line":92},"26":{"loc":{"start":{"line":93,"column":4},"end":{"line":93,"column":75}},"type":"if","locations":[{"start":{"line":93,"column":4},"end":{"line":93,"column":75}},{"start":{},"end":{}}],"line":93},"27":{"loc":{"start":{"line":93,"column":8},"end":{"line":93,"column":56}},"type":"binary-expr","locations":[{"start":{"line":93,"column":8},"end":{"line":93,"column":16}},{"start":{"line":93,"column":20},"end":{"line":93,"column":56}}],"line":93},"28":{"loc":{"start":{"line":102,"column":16},"end":{"line":102,"column":56}},"type":"cond-expr","locations":[{"start":{"line":102,"column":28},"end":{"line":102,"column":44}},{"start":{"line":102,"column":47},"end":{"line":102,"column":56}}],"line":102},"29":{"loc":{"start":{"line":106,"column":19},"end":{"line":106,"column":52}},"type":"cond-expr","locations":[{"start":{"line":106,"column":37},"end":{"line":106,"column":47}},{"start":{"line":106,"column":50},"end":{"line":106,"column":52}}],"line":106},"30":{"loc":{"start":{"line":106,"column":19},"end":{"line":106,"column":34}},"type":"binary-expr","locations":[{"start":{"line":106,"column":19},"end":{"line":106,"column":22}},{"start":{"line":106,"column":26},"end":{"line":106,"column":34}}],"line":106},"31":{"loc":{"start":{"line":109,"column":29},"end":{"line":109,"column":51}},"type":"cond-expr","locations":[{"start":{"line":109,"column":35},"end":{"line":109,"column":45}},{"start":{"line":109,"column":48},"end":{"line":109,"column":51}}],"line":109},"32":{"loc":{"start":{"line":109,"column":59},"end":{"line":109,"column":69}},"type":"binary-expr","locations":[{"start":{"line":109,"column":59},"end":{"line":109,"column":63}},{"start":{"line":109,"column":67},"end":{"line":109,"column":69}}],"line":109},"33":{"loc":{"start":{"line":112,"column":29},"end":{"line":112,"column":51}},"type":"cond-expr","locations":[{"start":{"line":112,"column":35},"end":{"line":112,"column":45}},{"start":{"line":112,"column":48},"end":{"line":112,"column":51}}],"line":112},"34":{"loc":{"start":{"line":119,"column":8},"end":{"line":119,"column":51}},"type":"if","locations":[{"start":{"line":119,"column":8},"end":{"line":119,"column":51}},{"start":{},"end":{}}],"line":119},"35":{"loc":{"start":{"line":120,"column":8},"end":{"line":120,"column":77}},"type":"if","locations":[{"start":{"line":120,"column":8},"end":{"line":120,"column":77}},{"start":{},"end":{}}],"line":120},"36":{"loc":{"start":{"line":120,"column":12},"end":{"line":120,"column":59}},"type":"binary-expr","locations":[{"start":{"line":120,"column":12},"end":{"line":120,"column":20}},{"start":{"line":120,"column":24},"end":{"line":120,"column":59}}],"line":120},"37":{"loc":{"start":{"line":124,"column":10},"end":{"line":124,"column":67}},"type":"binary-expr","locations":[{"start":{"line":124,"column":10},"end":{"line":124,"column":14}},{"start":{"line":124,"column":18},"end":{"line":124,"column":36}},{"start":{"line":124,"column":40},"end":{"line":124,"column":67}}],"line":124},"38":{"loc":{"start":{"line":125,"column":23},"end":{"line":125,"column":58}},"type":"binary-expr","locations":[{"start":{"line":125,"column":23},"end":{"line":125,"column":30}},{"start":{"line":125,"column":34},"end":{"line":125,"column":51}},{"start":{"line":125,"column":55},"end":{"line":125,"column":58}}],"line":125},"39":{"loc":{"start":{"line":128,"column":8},"end":{"line":132,"column":9}},"type":"if","locations":[{"start":{"line":128,"column":8},"end":{"line":132,"column":9}},{"start":{},"end":{}}],"line":128},"40":{"loc":{"start":{"line":130,"column":10},"end":{"line":131,"column":50}},"type":"if","locations":[{"start":{"line":130,"column":10},"end":{"line":131,"column":50}},{"start":{"line":131,"column":15},"end":{"line":131,"column":50}}],"line":130},"41":{"loc":{"start":{"line":131,"column":15},"end":{"line":131,"column":50}},"type":"if","locations":[{"start":{"line":131,"column":15},"end":{"line":131,"column":50}},{"start":{},"end":{}}],"line":131},"42":{"loc":{"start":{"line":140,"column":8},"end":{"line":143,"column":9}},"type":"if","locations":[{"start":{"line":140,"column":8},"end":{"line":143,"column":9}},{"start":{},"end":{}}],"line":140},"43":{"loc":{"start":{"line":140,"column":12},"end":{"line":140,"column":30}},"type":"binary-expr","locations":[{"start":{"line":140,"column":12},"end":{"line":140,"column":16}},{"start":{"line":140,"column":20},"end":{"line":140,"column":30}}],"line":140},"44":{"loc":{"start":{"line":146,"column":8},"end":{"line":158,"column":9}},"type":"if","locations":[{"start":{"line":146,"column":8},"end":{"line":158,"column":9}},{"start":{},"end":{}}],"line":146},"45":{"loc":{"start":{"line":146,"column":12},"end":{"line":146,"column":60}},"type":"binary-expr","locations":[{"start":{"line":146,"column":12},"end":{"line":146,"column":41}},{"start":{"line":146,"column":45},"end":{"line":146,"column":60}}],"line":146},"46":{"loc":{"start":{"line":147,"column":10},"end":{"line":157,"column":11}},"type":"if","locations":[{"start":{"line":147,"column":10},"end":{"line":157,"column":11}},{"start":{"line":149,"column":17},"end":{"line":157,"column":11}}],"line":147},"47":{"loc":{"start":{"line":150,"column":25},"end":{"line":150,"column":49}},"type":"binary-expr","locations":[{"start":{"line":150,"column":25},"end":{"line":150,"column":42}},{"start":{"line":150,"column":46},"end":{"line":150,"column":49}}],"line":150},"48":{"loc":{"start":{"line":150,"column":54},"end":{"line":150,"column":75}},"type":"binary-expr","locations":[{"start":{"line":150,"column":54},"end":{"line":150,"column":69}},{"start":{"line":150,"column":73},"end":{"line":150,"column":75}}],"line":150},"49":{"loc":{"start":{"line":152,"column":12},"end":{"line":156,"column":13}},"type":"if","locations":[{"start":{"line":152,"column":12},"end":{"line":156,"column":13}},{"start":{},"end":{}}],"line":152},"50":{"loc":{"start":{"line":154,"column":32},"end":{"line":154,"column":43}},"type":"binary-expr","locations":[{"start":{"line":154,"column":32},"end":{"line":154,"column":38}},{"start":{"line":154,"column":42},"end":{"line":154,"column":43}}],"line":154},"51":{"loc":{"start":{"line":154,"column":45},"end":{"line":154,"column":56}},"type":"binary-expr","locations":[{"start":{"line":154,"column":45},"end":{"line":154,"column":51}},{"start":{"line":154,"column":55},"end":{"line":154,"column":56}}],"line":154}},"s":{"0":2,"1":13,"2":13,"3":13,"4":0,"5":0,"6":0,"7":0,"8":0,"9":0,"10":0,"11":0,"12":0,"13":0,"14":0,"15":0,"16":0,"17":0,"18":0,"19":2,"20":2,"21":2,"22":13,"23":13,"24":13,"25":0,"26":13,"27":13,"28":13,"29":9,"30":1,"31":8,"32":1,"33":7,"34":0,"35":0,"36":9,"37":0,"38":9,"39":1,"40":8,"41":8,"42":13,"43":11,"44":11,"45":13,"46":13,"47":13,"48":13,"49":13,"50":13,"51":13,"52":13,"53":11,"54":11,"55":11,"56":0,"57":2,"58":13,"59":3,"60":10,"61":10,"62":10,"63":10,"64":10,"65":9,"66":9,"67":1,"68":8,"69":1,"70":10,"71":10,"72":8,"73":10,"74":10,"75":9,"76":1,"77":1,"78":1,"79":1,"80":1,"81":2,"82":0},"f":{"0":13,"1":0,"2":0,"3":13,"4":13,"5":9,"6":9,"7":0,"8":0,"9":0,"10":13,"11":11,"12":11,"13":0,"14":2,"15":13,"16":1,"17":7,"18":0},"b":{"0":[13,0],"1":[13,13],"2":[13,0],"3":[0,0],"4":[0,0],"5":[13,0],"6":[13,13,13],"7":[13,0],"8":[13,13],"9":[1,8],"10":[1,7],"11":[0],"12":[0],"13":[0,0,0],"14":[0],"15":[0,0],"16":[0,0],"17":[0],"18":[0,9],"19":[9,9],"20":[1,8],"21":[11,2],"22":[13,11],"23":[13,0],"24":[13,0],"25":[13,13],"26":[13,0],"27":[13,13],"28":[13,0],"29":[11,0],"30":[11,11],"31":[11,0],"32":[11,0],"33":[0,0],"34":[3,10],"35":[10,0],"36":[10,10],"37":[10,10,1],"38":[10,9,0],"39":[9,1],"40":[1,8],"41":[1,7],"42":[8,2],"43":[10,10],"44":[10,0],"45":[10,10],"46":[9,1],"47":[1,0],"48":[1,1],"49":[1,0],"50":[1,0],"51":[1,0]},"_coverageSchema":"1a1c01bbd47fc00a2c39e90264f33305004495a9","hash":"7a48dc0e0c3f57ab1b4b34e998b2ec7bc17742d4"}
,"/Users/ryanmahoney/Documents/Universal-Route/src/helper.js": {"path":"/Users/ryanmahoney/Documents/Universal-Route/src/helper.js","statementMap":{"0":{"start":{"line":5,"column":20},"end":{"line":5,"column":69}},"1":{"start":{"line":5,"column":27},"end":{"line":5,"column":69}},"2":{"start":{"line":9,"column":20},"end":{"line":31,"column":1}},"3":{"start":{"line":10,"column":2},"end":{"line":12,"column":3}},"4":{"start":{"line":11,"column":4},"end":{"line":11,"column":41}},"5":{"start":{"line":13,"column":2},"end":{"line":15,"column":3}},"6":{"start":{"line":14,"column":4},"end":{"line":14,"column":40}},"7":{"start":{"line":17,"column":16},"end":{"line":26,"column":6}},"8":{"start":{"line":21,"column":6},"end":{"line":24,"column":7}},"9":{"start":{"line":22,"column":21},"end":{"line":22,"column":34}},"10":{"start":{"line":23,"column":8},"end":{"line":23,"column":50}},"11":{"start":{"line":25,"column":6},"end":{"line":25,"column":52}},"12":{"start":{"line":28,"column":18},"end":{"line":28,"column":66}},"13":{"start":{"line":28,"column":42},"end":{"line":28,"column":47}},"14":{"start":{"line":29,"column":16},"end":{"line":29,"column":62}},"15":{"start":{"line":29,"column":36},"end":{"line":29,"column":42}},"16":{"start":{"line":29,"column":55},"end":{"line":29,"column":61}},"17":{"start":{"line":30,"column":2},"end":{"line":30,"column":47}},"18":{"start":{"line":34,"column":19},"end":{"line":34,"column":30}},"19":{"start":{"line":34,"column":25},"end":{"line":34,"column":30}},"20":{"start":{"line":37,"column":26},"end":{"line":54,"column":1}},"21":{"start":{"line":40,"column":2},"end":{"line":51,"column":3}},"22":{"start":{"line":41,"column":4},"end":{"line":41,"column":36}},"23":{"start":{"line":42,"column":9},"end":{"line":51,"column":3}},"24":{"start":{"line":43,"column":4},"end":{"line":43,"column":22}},"25":{"start":{"line":44,"column":9},"end":{"line":51,"column":3}},"26":{"start":{"line":46,"column":4},"end":{"line":47,"column":71}},"27":{"start":{"line":47,"column":65},"end":{"line":47,"column":69}},"28":{"start":{"line":48,"column":4},"end":{"line":48,"column":34}},"29":{"start":{"line":50,"column":4},"end":{"line":50,"column":27}},"30":{"start":{"line":50,"column":22},"end":{"line":50,"column":26}},"31":{"start":{"line":53,"column":2},"end":{"line":53,"column":41}},"32":{"start":{"line":57,"column":28},"end":{"line":62,"column":1}},"33":{"start":{"line":58,"column":37},"end":{"line":58,"column":45}},"34":{"start":{"line":60,"column":4},"end":{"line":60,"column":77}},"35":{"start":{"line":60,"column":72},"end":{"line":60,"column":76}},"36":{"start":{"line":61,"column":2},"end":{"line":61,"column":41}},"37":{"start":{"line":65,"column":15},"end":{"line":77,"column":1}},"38":{"start":{"line":66,"column":2},"end":{"line":68,"column":3}},"39":{"start":{"line":67,"column":4},"end":{"line":67,"column":43}},"40":{"start":{"line":69,"column":2},"end":{"line":73,"column":3}},"41":{"start":{"line":70,"column":4},"end":{"line":72,"column":6}},"42":{"start":{"line":71,"column":6},"end":{"line":71,"column":36}},"43":{"start":{"line":74,"column":2},"end":{"line":76,"column":4}},"44":{"start":{"line":80,"column":23},"end":{"line":108,"column":1}},"45":{"start":{"line":81,"column":15},"end":{"line":81,"column":29}},"46":{"start":{"line":83,"column":2},"end":{"line":107,"column":5}},"47":{"start":{"line":85,"column":4},"end":{"line":87,"column":5}},"48":{"start":{"line":86,"column":6},"end":{"line":86,"column":55}},"49":{"start":{"line":86,"column":37},"end":{"line":86,"column":51}},"50":{"start":{"line":89,"column":29},"end":{"line":89,"column":48}},"51":{"start":{"line":90,"column":20},"end":{"line":104,"column":5}},"52":{"start":{"line":91,"column":16},"end":{"line":91,"column":36}},"53":{"start":{"line":92,"column":6},"end":{"line":92,"column":26}},"54":{"start":{"line":92,"column":14},"end":{"line":92,"column":26}},"55":{"start":{"line":94,"column":21},"end":{"line":101,"column":16}},"56":{"start":{"line":96,"column":53},"end":{"line":96,"column":79}},"57":{"start":{"line":99,"column":12},"end":{"line":99,"column":53}},"58":{"start":{"line":100,"column":12},"end":{"line":100,"column":23}},"59":{"start":{"line":103,"column":6},"end":{"line":103,"column":24}},"60":{"start":{"line":106,"column":4},"end":{"line":106,"column":29}},"61":{"start":{"line":111,"column":17},"end":{"line":136,"column":1}},"62":{"start":{"line":112,"column":2},"end":{"line":122,"column":3}},"63":{"start":{"line":113,"column":4},"end":{"line":113,"column":50}},"64":{"start":{"line":113,"column":41},"end":{"line":113,"column":50}},"65":{"start":{"line":114,"column":16},"end":{"line":114,"column":35}},"66":{"start":{"line":115,"column":4},"end":{"line":121,"column":5}},"67":{"start":{"line":116,"column":6},"end":{"line":120,"column":8}},"68":{"start":{"line":125,"column":15},"end":{"line":125,"column":76}},"69":{"start":{"line":125,"column":42},"end":{"line":125,"column":75}},"70":{"start":{"line":126,"column":2},"end":{"line":132,"column":3}},"71":{"start":{"line":127,"column":4},"end":{"line":131,"column":6}},"72":{"start":{"line":135,"column":2},"end":{"line":135,"column":47}},"73":{"start":{"line":139,"column":21},"end":{"line":150,"column":1}},"74":{"start":{"line":141,"column":4},"end":{"line":144,"column":5}},"75":{"start":{"line":143,"column":13},"end":{"line":143,"column":69}},"76":{"start":{"line":146,"column":19},"end":{"line":148,"column":31}},"77":{"start":{"line":149,"column":2},"end":{"line":149,"column":38}}},"fnMap":{"0":{"name":"(anonymous_0)","decl":{"start":{"line":5,"column":20},"end":{"line":5,"column":21}},"loc":{"start":{"line":5,"column":27},"end":{"line":5,"column":69}},"line":5},"1":{"name":"(anonymous_1)","decl":{"start":{"line":9,"column":20},"end":{"line":9,"column":21}},"loc":{"start":{"line":9,"column":30},"end":{"line":31,"column":1}},"line":9},"2":{"name":"(anonymous_2)","decl":{"start":{"line":20,"column":9},"end":{"line":20,"column":10}},"loc":{"start":{"line":20,"column":19},"end":{"line":26,"column":5}},"line":20},"3":{"name":"(anonymous_3)","decl":{"start":{"line":28,"column":35},"end":{"line":28,"column":36}},"loc":{"start":{"line":28,"column":42},"end":{"line":28,"column":47}},"line":28},"4":{"name":"(anonymous_4)","decl":{"start":{"line":29,"column":29},"end":{"line":29,"column":30}},"loc":{"start":{"line":29,"column":36},"end":{"line":29,"column":42}},"line":29},"5":{"name":"(anonymous_5)","decl":{"start":{"line":29,"column":48},"end":{"line":29,"column":49}},"loc":{"start":{"line":29,"column":55},"end":{"line":29,"column":61}},"line":29},"6":{"name":"(anonymous_6)","decl":{"start":{"line":34,"column":19},"end":{"line":34,"column":20}},"loc":{"start":{"line":34,"column":25},"end":{"line":34,"column":30}},"line":34},"7":{"name":"(anonymous_7)","decl":{"start":{"line":37,"column":26},"end":{"line":37,"column":27}},"loc":{"start":{"line":37,"column":43},"end":{"line":54,"column":1}},"line":37},"8":{"name":"(anonymous_8)","decl":{"start":{"line":47,"column":59},"end":{"line":47,"column":60}},"loc":{"start":{"line":47,"column":65},"end":{"line":47,"column":69}},"line":47},"9":{"name":"(anonymous_9)","decl":{"start":{"line":50,"column":16},"end":{"line":50,"column":17}},"loc":{"start":{"line":50,"column":22},"end":{"line":50,"column":26}},"line":50},"10":{"name":"(anonymous_10)","decl":{"start":{"line":57,"column":28},"end":{"line":57,"column":29}},"loc":{"start":{"line":57,"column":47},"end":{"line":62,"column":1}},"line":57},"11":{"name":"(anonymous_11)","decl":{"start":{"line":60,"column":66},"end":{"line":60,"column":67}},"loc":{"start":{"line":60,"column":72},"end":{"line":60,"column":76}},"line":60},"12":{"name":"(anonymous_12)","decl":{"start":{"line":65,"column":15},"end":{"line":65,"column":16}},"loc":{"start":{"line":65,"column":27},"end":{"line":77,"column":1}},"line":65},"13":{"name":"(anonymous_13)","decl":{"start":{"line":70,"column":38},"end":{"line":70,"column":39}},"loc":{"start":{"line":71,"column":6},"end":{"line":71,"column":36}},"line":71},"14":{"name":"(anonymous_14)","decl":{"start":{"line":80,"column":23},"end":{"line":80,"column":24}},"loc":{"start":{"line":80,"column":40},"end":{"line":108,"column":1}},"line":80},"15":{"name":"(anonymous_15)","decl":{"start":{"line":83,"column":18},"end":{"line":83,"column":19}},"loc":{"start":{"line":83,"column":25},"end":{"line":107,"column":3}},"line":83},"16":{"name":"(anonymous_16)","decl":{"start":{"line":86,"column":30},"end":{"line":86,"column":31}},"loc":{"start":{"line":86,"column":37},"end":{"line":86,"column":51}},"line":86},"17":{"name":"(anonymous_17)","decl":{"start":{"line":90,"column":20},"end":{"line":90,"column":21}},"loc":{"start":{"line":90,"column":34},"end":{"line":104,"column":5}},"line":90},"18":{"name":"(anonymous_18)","decl":{"start":{"line":96,"column":41},"end":{"line":96,"column":42}},"loc":{"start":{"line":96,"column":53},"end":{"line":96,"column":79}},"line":96},"19":{"name":"(anonymous_19)","decl":{"start":{"line":98,"column":23},"end":{"line":98,"column":24}},"loc":{"start":{"line":98,"column":41},"end":{"line":101,"column":11}},"line":98},"20":{"name":"(anonymous_20)","decl":{"start":{"line":111,"column":17},"end":{"line":111,"column":18}},"loc":{"start":{"line":111,"column":47},"end":{"line":136,"column":1}},"line":111},"21":{"name":"(anonymous_21)","decl":{"start":{"line":125,"column":35},"end":{"line":125,"column":36}},"loc":{"start":{"line":125,"column":42},"end":{"line":125,"column":75}},"line":125},"22":{"name":"(anonymous_22)","decl":{"start":{"line":139,"column":21},"end":{"line":139,"column":22}},"loc":{"start":{"line":139,"column":53},"end":{"line":150,"column":1}},"line":139},"23":{"name":"(anonymous_23)","decl":{"start":{"line":143,"column":6},"end":{"line":143,"column":7}},"loc":{"start":{"line":143,"column":13},"end":{"line":143,"column":69}},"line":143}},"branchMap":{"0":{"loc":{"start":{"line":10,"column":2},"end":{"line":12,"column":3}},"type":"if","locations":[{"start":{"line":10,"column":2},"end":{"line":12,"column":3}},{"start":{},"end":{}}],"line":10},"1":{"loc":{"start":{"line":10,"column":6},"end":{"line":10,"column":27}},"type":"binary-expr","locations":[{"start":{"line":10,"column":6},"end":{"line":10,"column":11}},{"start":{"line":10,"column":15},"end":{"line":10,"column":27}}],"line":10},"2":{"loc":{"start":{"line":13,"column":2},"end":{"line":15,"column":3}},"type":"if","locations":[{"start":{"line":13,"column":2},"end":{"line":15,"column":3}},{"start":{},"end":{}}],"line":13},"3":{"loc":{"start":{"line":13,"column":6},"end":{"line":13,"column":35}},"type":"binary-expr","locations":[{"start":{"line":13,"column":6},"end":{"line":13,"column":18}},{"start":{"line":13,"column":22},"end":{"line":13,"column":35}}],"line":13},"4":{"loc":{"start":{"line":21,"column":6},"end":{"line":24,"column":7}},"type":"if","locations":[{"start":{"line":21,"column":6},"end":{"line":24,"column":7}},{"start":{},"end":{}}],"line":21},"5":{"loc":{"start":{"line":40,"column":2},"end":{"line":51,"column":3}},"type":"if","locations":[{"start":{"line":40,"column":2},"end":{"line":51,"column":3}},{"start":{"line":42,"column":9},"end":{"line":51,"column":3}}],"line":40},"6":{"loc":{"start":{"line":42,"column":9},"end":{"line":51,"column":3}},"type":"if","locations":[{"start":{"line":42,"column":9},"end":{"line":51,"column":3}},{"start":{"line":44,"column":9},"end":{"line":51,"column":3}}],"line":42},"7":{"loc":{"start":{"line":44,"column":9},"end":{"line":51,"column":3}},"type":"if","locations":[{"start":{"line":44,"column":9},"end":{"line":51,"column":3}},{"start":{"line":49,"column":9},"end":{"line":51,"column":3}}],"line":44},"8":{"loc":{"start":{"line":44,"column":13},"end":{"line":44,"column":47}},"type":"binary-expr","locations":[{"start":{"line":44,"column":13},"end":{"line":44,"column":18}},{"start":{"line":44,"column":22},"end":{"line":44,"column":47}}],"line":44},"9":{"loc":{"start":{"line":47,"column":6},"end":{"line":47,"column":70}},"type":"binary-expr","locations":[{"start":{"line":47,"column":6},"end":{"line":47,"column":21}},{"start":{"line":47,"column":25},"end":{"line":47,"column":38}},{"start":{"line":47,"column":42},"end":{"line":47,"column":54}},{"start":{"line":47,"column":59},"end":{"line":47,"column":69}}],"line":47},"10":{"loc":{"start":{"line":57,"column":29},"end":{"line":57,"column":42}},"type":"default-arg","locations":[{"start":{"line":57,"column":40},"end":{"line":57,"column":42}}],"line":57},"11":{"loc":{"start":{"line":58,"column":10},"end":{"line":58,"column":20}},"type":"default-arg","locations":[{"start":{"line":58,"column":17},"end":{"line":58,"column":20}}],"line":58},"12":{"loc":{"start":{"line":60,"column":4},"end":{"line":60,"column":77}},"type":"binary-expr","locations":[{"start":{"line":60,"column":4},"end":{"line":60,"column":22}},{"start":{"line":60,"column":26},"end":{"line":60,"column":42}},{"start":{"line":60,"column":46},"end":{"line":60,"column":61}},{"start":{"line":60,"column":66},"end":{"line":60,"column":76}}],"line":60},"13":{"loc":{"start":{"line":66,"column":2},"end":{"line":68,"column":3}},"type":"if","locations":[{"start":{"line":66,"column":2},"end":{"line":68,"column":3}},{"start":{},"end":{}}],"line":66},"14":{"loc":{"start":{"line":69,"column":2},"end":{"line":73,"column":3}},"type":"if","locations":[{"start":{"line":69,"column":2},"end":{"line":73,"column":3}},{"start":{},"end":{}}],"line":69},"15":{"loc":{"start":{"line":69,"column":6},"end":{"line":69,"column":42}},"type":"binary-expr","locations":[{"start":{"line":69,"column":6},"end":{"line":69,"column":12}},{"start":{"line":69,"column":16},"end":{"line":69,"column":42}}],"line":69},"16":{"loc":{"start":{"line":80,"column":24},"end":{"line":80,"column":35}},"type":"default-arg","locations":[{"start":{"line":80,"column":33},"end":{"line":80,"column":35}}],"line":80},"17":{"loc":{"start":{"line":85,"column":4},"end":{"line":87,"column":5}},"type":"if","locations":[{"start":{"line":85,"column":4},"end":{"line":87,"column":5}},{"start":{},"end":{}}],"line":85},"18":{"loc":{"start":{"line":85,"column":8},"end":{"line":85,"column":41}},"type":"binary-expr","locations":[{"start":{"line":85,"column":8},"end":{"line":85,"column":22}},{"start":{"line":85,"column":26},"end":{"line":85,"column":41}}],"line":85},"19":{"loc":{"start":{"line":92,"column":6},"end":{"line":92,"column":26}},"type":"if","locations":[{"start":{"line":92,"column":6},"end":{"line":92,"column":26}},{"start":{},"end":{}}],"line":92},"20":{"loc":{"start":{"line":94,"column":21},"end":{"line":101,"column":16}},"type":"cond-expr","locations":[{"start":{"line":95,"column":10},"end":{"line":97,"column":11}},{"start":{"line":98,"column":10},"end":{"line":101,"column":16}}],"line":94},"21":{"loc":{"start":{"line":113,"column":4},"end":{"line":113,"column":50}},"type":"if","locations":[{"start":{"line":113,"column":4},"end":{"line":113,"column":50}},{"start":{},"end":{}}],"line":113},"22":{"loc":{"start":{"line":115,"column":4},"end":{"line":121,"column":5}},"type":"if","locations":[{"start":{"line":115,"column":4},"end":{"line":121,"column":5}},{"start":{},"end":{}}],"line":115},"23":{"loc":{"start":{"line":118,"column":16},"end":{"line":118,"column":32}},"type":"binary-expr","locations":[{"start":{"line":118,"column":16},"end":{"line":118,"column":26}},{"start":{"line":118,"column":30},"end":{"line":118,"column":32}}],"line":118},"24":{"loc":{"start":{"line":125,"column":42},"end":{"line":125,"column":75}},"type":"binary-expr","locations":[{"start":{"line":125,"column":42},"end":{"line":125,"column":56}},{"start":{"line":125,"column":60},"end":{"line":125,"column":75}}],"line":125},"25":{"loc":{"start":{"line":126,"column":2},"end":{"line":132,"column":3}},"type":"if","locations":[{"start":{"line":126,"column":2},"end":{"line":132,"column":3}},{"start":{},"end":{}}],"line":126},"26":{"loc":{"start":{"line":141,"column":4},"end":{"line":144,"column":5}},"type":"binary-expr","locations":[{"start":{"line":141,"column":4},"end":{"line":141,"column":35}},{"start":{"line":142,"column":4},"end":{"line":144,"column":5}}],"line":141},"27":{"loc":{"start":{"line":143,"column":13},"end":{"line":143,"column":69}},"type":"binary-expr","locations":[{"start":{"line":143,"column":13},"end":{"line":143,"column":34}},{"start":{"line":143,"column":38},"end":{"line":143,"column":69}}],"line":143},"28":{"loc":{"start":{"line":146,"column":19},"end":{"line":148,"column":31}},"type":"cond-expr","locations":[{"start":{"line":147,"column":6},"end":{"line":147,"column":22}},{"start":{"line":148,"column":6},"end":{"line":148,"column":31}}],"line":146}},"s":{"0":3,"1":11,"2":3,"3":14,"4":3,"5":11,"6":0,"7":11,"8":14,"9":3,"10":3,"11":11,"12":11,"13":14,"14":11,"15":14,"16":3,"17":11,"18":3,"19":1,"20":3,"21":5,"22":2,"23":3,"24":3,"25":0,"26":0,"27":0,"28":0,"29":0,"30":0,"31":5,"32":3,"33":14,"34":14,"35":0,"36":14,"37":3,"38":8,"39":5,"40":3,"41":3,"42":5,"43":0,"44":3,"45":8,"46":8,"47":19,"48":5,"49":1,"50":14,"51":14,"52":13,"53":13,"54":6,"55":7,"56":2,"57":0,"58":0,"59":7,"60":14,"61":3,"62":9,"63":14,"64":0,"65":14,"66":14,"67":8,"68":1,"69":1,"70":1,"71":0,"72":1,"73":3,"74":9,"75":23,"76":9,"77":9},"f":{"0":11,"1":14,"2":14,"3":14,"4":14,"5":3,"6":1,"7":5,"8":0,"9":0,"10":14,"11":0,"12":8,"13":5,"14":8,"15":19,"16":1,"17":13,"18":2,"19":0,"20":9,"21":1,"22":9,"23":23},"b":{"0":[3,11],"1":[14,14],"2":[0,11],"3":[11,11],"4":[3,11],"5":[2,3],"6":[3,0],"7":[0,0],"8":[0,0],"9":[0,0,0,0],"10":[0],"11":[0],"12":[14,14,0,0],"13":[5,3],"14":[3,0],"15":[3,3],"16":[0],"17":[5,14],"18":[19,14],"19":[6,7],"20":[2,5],"21":[0,14],"22":[8,6],"23":[8,0],"24":[1,1],"25":[0,1],"26":[9,9],"27":[23,23],"28":[9,0]},"_coverageSchema":"1a1c01bbd47fc00a2c39e90264f33305004495a9","hash":"e53b915a0a8e7e20fae6286e97508fbe8310e34b"}
,"/Users/ryanmahoney/Documents/Universal-Route/src/history.js": {"path":"/Users/ryanmahoney/Documents/Universal-Route/src/history.js","statementMap":{"0":{"start":{"line":5,"column":2},"end":{"line":7,"column":10}},"1":{"start":{"line":9,"column":33},"end":{"line":10,"column":41}},"2":{"start":{"line":10,"column":2},"end":{"line":10,"column":41}}},"fnMap":{"0":{"name":"(anonymous_0)","decl":{"start":{"line":9,"column":33},"end":{"line":9,"column":34}},"loc":{"start":{"line":10,"column":2},"end":{"line":10,"column":41}},"line":10}},"branchMap":{"0":{"loc":{"start":{"line":5,"column":2},"end":{"line":7,"column":10}},"type":"cond-expr","locations":[{"start":{"line":6,"column":6},"end":{"line":6,"column":28}},{"start":{"line":7,"column":6},"end":{"line":7,"column":10}}],"line":5},"1":{"loc":{"start":{"line":5,"column":2},"end":{"line":5,"column":83}},"type":"binary-expr","locations":[{"start":{"line":5,"column":2},"end":{"line":5,"column":31}},{"start":{"line":5,"column":35},"end":{"line":5,"column":50}},{"start":{"line":5,"column":54},"end":{"line":5,"column":83}}],"line":5},"2":{"loc":{"start":{"line":9,"column":34},"end":{"line":9,"column":56}},"type":"default-arg","locations":[{"start":{"line":9,"column":51},"end":{"line":9,"column":56}}],"line":9}},"s":{"0":2,"1":2,"2":1},"f":{"0":1},"b":{"0":[2,0],"1":[2,2,2],"2":[0]},"_coverageSchema":"1a1c01bbd47fc00a2c39e90264f33305004495a9","hash":"cf5cdeb6de1beb5c58fc0fddc0935fd651b215e6"}
,"/Users/ryanmahoney/Documents/Universal-Route/src/index.js": {"path":"/Users/ryanmahoney/Documents/Universal-Route/src/index.js","statementMap":{},"fnMap":{},"branchMap":{},"s":{},"f":{},"b":{},"_coverageSchema":"1a1c01bbd47fc00a2c39e90264f33305004495a9","hash":"ba57cd55f77b5b04db5e071629b9d4f73829492f"}
,"/Users/ryanmahoney/Documents/Universal-Route/src/router.js": {"path":"/Users/ryanmahoney/Documents/Universal-Route/src/router.js","statementMap":{"0":{"start":{"line":6,"column":24},"end":{"line":9,"column":1}},"1":{"start":{"line":7,"column":2},"end":{"line":8,"column":31}},"2":{"start":{"line":7,"column":15},"end":{"line":7,"column":42}},"3":{"start":{"line":8,"column":7},"end":{"line":8,"column":31}},"4":{"start":{"line":11,"column":15},"end":{"line":21,"column":1}},"5":{"start":{"line":12,"column":2},"end":{"line":12,"column":40}},"6":{"start":{"line":12,"column":30},"end":{"line":12,"column":40}},"7":{"start":{"line":13,"column":2},"end":{"line":15,"column":3}},"8":{"start":{"line":14,"column":4},"end":{"line":14,"column":73}},"9":{"start":{"line":16,"column":47},"end":{"line":16,"column":49}},"10":{"start":{"line":17,"column":2},"end":{"line":19,"column":3}},"11":{"start":{"line":18,"column":4},"end":{"line":18,"column":81}},"12":{"start":{"line":20,"column":2},"end":{"line":20,"column":39}},"13":{"start":{"line":23,"column":23},"end":{"line":37,"column":1}},"14":{"start":{"line":24,"column":2},"end":{"line":32,"column":3}},"15":{"start":{"line":31,"column":4},"end":{"line":31,"column":16}},"16":{"start":{"line":33,"column":24},"end":{"line":33,"column":64}},"17":{"start":{"line":34,"column":2},"end":{"line":34,"column":34}},"18":{"start":{"line":34,"column":22},"end":{"line":34,"column":34}},"19":{"start":{"line":35,"column":19},"end":{"line":35,"column":49}},"20":{"start":{"line":36,"column":2},"end":{"line":36,"column":53}},"21":{"start":{"line":39,"column":37},"end":{"line":54,"column":1}},"22":{"start":{"line":40,"column":2},"end":{"line":49,"column":3}},"23":{"start":{"line":48,"column":4},"end":{"line":48,"column":17}},"24":{"start":{"line":50,"column":37},"end":{"line":50,"column":48}},"25":{"start":{"line":51,"column":2},"end":{"line":51,"column":43}},"26":{"start":{"line":51,"column":30},"end":{"line":51,"column":43}},"27":{"start":{"line":52,"column":2},"end":{"line":52,"column":49}},"28":{"start":{"line":52,"column":36},"end":{"line":52,"column":49}},"29":{"start":{"line":53,"column":2},"end":{"line":53,"column":30}},"30":{"start":{"line":57,"column":20},"end":{"line":68,"column":1}},"31":{"start":{"line":58,"column":15},"end":{"line":58,"column":25}},"32":{"start":{"line":60,"column":22},"end":{"line":66,"column":3}},"33":{"start":{"line":61,"column":4},"end":{"line":61,"column":28}},"34":{"start":{"line":61,"column":17},"end":{"line":61,"column":28}},"35":{"start":{"line":62,"column":4},"end":{"line":62,"column":68}},"36":{"start":{"line":62,"column":61},"end":{"line":62,"column":68}},"37":{"start":{"line":63,"column":4},"end":{"line":63,"column":23}},"38":{"start":{"line":64,"column":4},"end":{"line":65,"column":33}},"39":{"start":{"line":64,"column":17},"end":{"line":64,"column":44}},"40":{"start":{"line":65,"column":9},"end":{"line":65,"column":33}},"41":{"start":{"line":67,"column":2},"end":{"line":67,"column":59}},"42":{"start":{"line":71,"column":19},"end":{"line":73,"column":1}},"43":{"start":{"line":72,"column":2},"end":{"line":72,"column":40}},"44":{"start":{"line":83,"column":28},"end":{"line":142,"column":1}},"45":{"start":{"line":83,"column":54},"end":{"line":142,"column":1}},"46":{"start":{"line":84,"column":19},"end":{"line":86,"column":39}},"47":{"start":{"line":88,"column":45},"end":{"line":88,"column":59}},"48":{"start":{"line":90,"column":25},"end":{"line":90,"column":72}},"49":{"start":{"line":90,"column":39},"end":{"line":90,"column":61}},"50":{"start":{"line":93,"column":4},"end":{"line":93,"column":75}},"51":{"start":{"line":95,"column":26},"end":{"line":95,"column":73}},"52":{"start":{"line":98,"column":21},"end":{"line":98,"column":44}},"53":{"start":{"line":101,"column":24},"end":{"line":101,"column":49}},"54":{"start":{"line":103,"column":2},"end":{"line":124,"column":17}},"55":{"start":{"line":104,"column":4},"end":{"line":104,"column":65}},"56":{"start":{"line":104,"column":58},"end":{"line":104,"column":65}},"57":{"start":{"line":106,"column":21},"end":{"line":119,"column":6}},"58":{"start":{"line":107,"column":22},"end":{"line":107,"column":73}},"59":{"start":{"line":108,"column":6},"end":{"line":118,"column":7}},"60":{"start":{"line":109,"column":8},"end":{"line":109,"column":37}},"61":{"start":{"line":110,"column":8},"end":{"line":110,"column":24}},"62":{"start":{"line":111,"column":8},"end":{"line":117,"column":9}},"63":{"start":{"line":112,"column":10},"end":{"line":116,"column":13}},"64":{"start":{"line":121,"column":4},"end":{"line":123,"column":6}},"65":{"start":{"line":122,"column":6},"end":{"line":122,"column":53}},"66":{"start":{"line":122,"column":42},"end":{"line":122,"column":53}},"67":{"start":{"line":126,"column":25},"end":{"line":126,"column":50}},"68":{"start":{"line":127,"column":18},"end":{"line":130,"column":3}},"69":{"start":{"line":128,"column":10},"end":{"line":128,"column":52}},"70":{"start":{"line":132,"column":20},"end":{"line":132,"column":54}},"71":{"start":{"line":132,"column":49},"end":{"line":132,"column":53}},"72":{"start":{"line":133,"column":22},"end":{"line":133,"column":43}},"73":{"start":{"line":134,"column":2},"end":{"line":141,"column":4}}},"fnMap":{"0":{"name":"(anonymous_0)","decl":{"start":{"line":6,"column":24},"end":{"line":6,"column":25}},"loc":{"start":{"line":6,"column":65},"end":{"line":9,"column":1}},"line":6},"1":{"name":"(anonymous_1)","decl":{"start":{"line":11,"column":15},"end":{"line":11,"column":16}},"loc":{"start":{"line":11,"column":23},"end":{"line":21,"column":1}},"line":11},"2":{"name":"(anonymous_2)","decl":{"start":{"line":23,"column":23},"end":{"line":23,"column":24}},"loc":{"start":{"line":23,"column":33},"end":{"line":37,"column":1}},"line":23},"3":{"name":"(anonymous_3)","decl":{"start":{"line":39,"column":37},"end":{"line":39,"column":38}},"loc":{"start":{"line":39,"column":61},"end":{"line":54,"column":1}},"line":39},"4":{"name":"(anonymous_4)","decl":{"start":{"line":57,"column":20},"end":{"line":57,"column":21}},"loc":{"start":{"line":57,"column":74},"end":{"line":68,"column":1}},"line":57},"5":{"name":"(anonymous_5)","decl":{"start":{"line":60,"column":22},"end":{"line":60,"column":23}},"loc":{"start":{"line":60,"column":29},"end":{"line":66,"column":3}},"line":60},"6":{"name":"(anonymous_6)","decl":{"start":{"line":71,"column":19},"end":{"line":71,"column":20}},"loc":{"start":{"line":71,"column":41},"end":{"line":73,"column":1}},"line":71},"7":{"name":"(anonymous_7)","decl":{"start":{"line":83,"column":28},"end":{"line":83,"column":29}},"loc":{"start":{"line":83,"column":54},"end":{"line":142,"column":1}},"line":83},"8":{"name":"(anonymous_8)","decl":{"start":{"line":83,"column":54},"end":{"line":83,"column":55}},"loc":{"start":{"line":83,"column":65},"end":{"line":142,"column":1}},"line":83},"9":{"name":"(anonymous_9)","decl":{"start":{"line":90,"column":33},"end":{"line":90,"column":34}},"loc":{"start":{"line":90,"column":39},"end":{"line":90,"column":61}},"line":90},"10":{"name":"(anonymous_10)","decl":{"start":{"line":103,"column":12},"end":{"line":103,"column":13}},"loc":{"start":{"line":103,"column":18},"end":{"line":124,"column":3}},"line":103},"11":{"name":"(anonymous_11)","decl":{"start":{"line":106,"column":36},"end":{"line":106,"column":37}},"loc":{"start":{"line":106,"column":62},"end":{"line":119,"column":5}},"line":106},"12":{"name":"(anonymous_12)","decl":{"start":{"line":121,"column":11},"end":{"line":121,"column":12}},"loc":{"start":{"line":121,"column":17},"end":{"line":123,"column":5}},"line":121},"13":{"name":"(anonymous_13)","decl":{"start":{"line":128,"column":4},"end":{"line":128,"column":5}},"loc":{"start":{"line":128,"column":10},"end":{"line":128,"column":52}},"line":128},"14":{"name":"(anonymous_14)","decl":{"start":{"line":132,"column":43},"end":{"line":132,"column":44}},"loc":{"start":{"line":132,"column":49},"end":{"line":132,"column":53}},"line":132}},"branchMap":{"0":{"loc":{"start":{"line":6,"column":29},"end":{"line":6,"column":60}},"type":"default-arg","locations":[{"start":{"line":6,"column":58},"end":{"line":6,"column":60}}],"line":6},"1":{"loc":{"start":{"line":6,"column":31},"end":{"line":6,"column":46}},"type":"default-arg","locations":[{"start":{"line":6,"column":41},"end":{"line":6,"column":46}}],"line":6},"2":{"loc":{"start":{"line":7,"column":2},"end":{"line":8,"column":31}},"type":"if","locations":[{"start":{"line":7,"column":2},"end":{"line":8,"column":31}},{"start":{"line":8,"column":7},"end":{"line":8,"column":31}}],"line":7},"3":{"loc":{"start":{"line":12,"column":2},"end":{"line":12,"column":40}},"type":"if","locations":[{"start":{"line":12,"column":2},"end":{"line":12,"column":40}},{"start":{},"end":{}}],"line":12},"4":{"loc":{"start":{"line":13,"column":2},"end":{"line":15,"column":3}},"type":"if","locations":[{"start":{"line":13,"column":2},"end":{"line":15,"column":3}},{"start":{},"end":{}}],"line":13},"5":{"loc":{"start":{"line":13,"column":6},"end":{"line":13,"column":35}},"type":"binary-expr","locations":[{"start":{"line":13,"column":6},"end":{"line":13,"column":9}},{"start":{"line":13,"column":13},"end":{"line":13,"column":35}}],"line":13},"6":{"loc":{"start":{"line":16,"column":20},"end":{"line":16,"column":31}},"type":"default-arg","locations":[{"start":{"line":16,"column":29},"end":{"line":16,"column":31}}],"line":16},"7":{"loc":{"start":{"line":16,"column":33},"end":{"line":16,"column":42}},"type":"default-arg","locations":[{"start":{"line":16,"column":40},"end":{"line":16,"column":42}}],"line":16},"8":{"loc":{"start":{"line":17,"column":2},"end":{"line":19,"column":3}},"type":"if","locations":[{"start":{"line":17,"column":2},"end":{"line":19,"column":3}},{"start":{},"end":{}}],"line":17},"9":{"loc":{"start":{"line":17,"column":6},"end":{"line":17,"column":59}},"type":"binary-expr","locations":[{"start":{"line":17,"column":6},"end":{"line":17,"column":34}},{"start":{"line":17,"column":38},"end":{"line":17,"column":59}}],"line":17},"10":{"loc":{"start":{"line":24,"column":2},"end":{"line":32,"column":3}},"type":"if","locations":[{"start":{"line":24,"column":2},"end":{"line":32,"column":3}},{"start":{},"end":{}}],"line":24},"11":{"loc":{"start":{"line":25,"column":4},"end":{"line":29,"column":24}},"type":"binary-expr","locations":[{"start":{"line":25,"column":4},"end":{"line":25,"column":24}},{"start":{"line":26,"column":4},"end":{"line":26,"column":25}},{"start":{"line":27,"column":4},"end":{"line":27,"column":26}},{"start":{"line":28,"column":4},"end":{"line":28,"column":24}},{"start":{"line":29,"column":4},"end":{"line":29,"column":24}}],"line":25},"12":{"loc":{"start":{"line":34,"column":2},"end":{"line":34,"column":34}},"type":"if","locations":[{"start":{"line":34,"column":2},"end":{"line":34,"column":34}},{"start":{},"end":{}}],"line":34},"13":{"loc":{"start":{"line":36,"column":9},"end":{"line":36,"column":52}},"type":"binary-expr","locations":[{"start":{"line":36,"column":9},"end":{"line":36,"column":28}},{"start":{"line":36,"column":32},"end":{"line":36,"column":52}}],"line":36},"14":{"loc":{"start":{"line":40,"column":2},"end":{"line":49,"column":3}},"type":"if","locations":[{"start":{"line":40,"column":2},"end":{"line":49,"column":3}},{"start":{},"end":{}}],"line":40},"15":{"loc":{"start":{"line":41,"column":4},"end":{"line":46,"column":18}},"type":"binary-expr","locations":[{"start":{"line":41,"column":4},"end":{"line":41,"column":26}},{"start":{"line":42,"column":4},"end":{"line":42,"column":22}},{"start":{"line":43,"column":4},"end":{"line":43,"column":17}},{"start":{"line":44,"column":4},"end":{"line":44,"column":16}},{"start":{"line":45,"column":4},"end":{"line":45,"column":17}},{"start":{"line":46,"column":4},"end":{"line":46,"column":18}}],"line":41},"16":{"loc":{"start":{"line":51,"column":2},"end":{"line":51,"column":43}},"type":"if","locations":[{"start":{"line":51,"column":2},"end":{"line":51,"column":43}},{"start":{},"end":{}}],"line":51},"17":{"loc":{"start":{"line":52,"column":2},"end":{"line":52,"column":49}},"type":"if","locations":[{"start":{"line":52,"column":2},"end":{"line":52,"column":49}},{"start":{},"end":{}}],"line":52},"18":{"loc":{"start":{"line":52,"column":6},"end":{"line":52,"column":34}},"type":"binary-expr","locations":[{"start":{"line":52,"column":6},"end":{"line":52,"column":12}},{"start":{"line":52,"column":16},"end":{"line":52,"column":34}}],"line":52},"19":{"loc":{"start":{"line":57,"column":27},"end":{"line":57,"column":42}},"type":"default-arg","locations":[{"start":{"line":57,"column":37},"end":{"line":57,"column":42}}],"line":57},"20":{"loc":{"start":{"line":61,"column":4},"end":{"line":61,"column":28}},"type":"if","locations":[{"start":{"line":61,"column":4},"end":{"line":61,"column":28}},{"start":{},"end":{}}],"line":61},"21":{"loc":{"start":{"line":62,"column":4},"end":{"line":62,"column":68}},"type":"if","locations":[{"start":{"line":62,"column":4},"end":{"line":62,"column":68}},{"start":{},"end":{}}],"line":62},"22":{"loc":{"start":{"line":64,"column":4},"end":{"line":65,"column":33}},"type":"if","locations":[{"start":{"line":64,"column":4},"end":{"line":65,"column":33}},{"start":{"line":65,"column":9},"end":{"line":65,"column":33}}],"line":64},"23":{"loc":{"start":{"line":84,"column":19},"end":{"line":86,"column":39}},"type":"cond-expr","locations":[{"start":{"line":85,"column":6},"end":{"line":85,"column":30}},{"start":{"line":86,"column":6},"end":{"line":86,"column":39}}],"line":84},"24":{"loc":{"start":{"line":88,"column":45},"end":{"line":88,"column":59}},"type":"binary-expr","locations":[{"start":{"line":88,"column":45},"end":{"line":88,"column":53}},{"start":{"line":88,"column":57},"end":{"line":88,"column":59}}],"line":88},"25":{"loc":{"start":{"line":93,"column":5},"end":{"line":93,"column":38}},"type":"binary-expr","locations":[{"start":{"line":93,"column":5},"end":{"line":93,"column":32}},{"start":{"line":93,"column":36},"end":{"line":93,"column":38}}],"line":93},"26":{"loc":{"start":{"line":93,"column":43},"end":{"line":93,"column":74}},"type":"binary-expr","locations":[{"start":{"line":93,"column":43},"end":{"line":93,"column":68}},{"start":{"line":93,"column":72},"end":{"line":93,"column":74}}],"line":93},"27":{"loc":{"start":{"line":95,"column":26},"end":{"line":95,"column":73}},"type":"binary-expr","locations":[{"start":{"line":95,"column":27},"end":{"line":95,"column":32}},{"start":{"line":95,"column":36},"end":{"line":95,"column":50}},{"start":{"line":95,"column":55},"end":{"line":95,"column":73}}],"line":95},"28":{"loc":{"start":{"line":104,"column":4},"end":{"line":104,"column":65}},"type":"if","locations":[{"start":{"line":104,"column":4},"end":{"line":104,"column":65}},{"start":{},"end":{}}],"line":104},"29":{"loc":{"start":{"line":104,"column":8},"end":{"line":104,"column":56}},"type":"binary-expr","locations":[{"start":{"line":104,"column":8},"end":{"line":104,"column":16}},{"start":{"line":104,"column":20},"end":{"line":104,"column":56}}],"line":104},"30":{"loc":{"start":{"line":107,"column":23},"end":{"line":107,"column":46}},"type":"binary-expr","locations":[{"start":{"line":107,"column":23},"end":{"line":107,"column":40}},{"start":{"line":107,"column":44},"end":{"line":107,"column":46}}],"line":107},"31":{"loc":{"start":{"line":107,"column":51},"end":{"line":107,"column":72}},"type":"binary-expr","locations":[{"start":{"line":107,"column":51},"end":{"line":107,"column":66}},{"start":{"line":107,"column":70},"end":{"line":107,"column":72}}],"line":107},"32":{"loc":{"start":{"line":108,"column":6},"end":{"line":118,"column":7}},"type":"if","locations":[{"start":{"line":108,"column":6},"end":{"line":118,"column":7}},{"start":{},"end":{}}],"line":108},"33":{"loc":{"start":{"line":111,"column":8},"end":{"line":117,"column":9}},"type":"if","locations":[{"start":{"line":111,"column":8},"end":{"line":117,"column":9}},{"start":{},"end":{}}],"line":111},"34":{"loc":{"start":{"line":122,"column":6},"end":{"line":122,"column":53}},"type":"if","locations":[{"start":{"line":122,"column":6},"end":{"line":122,"column":53}},{"start":{},"end":{}}],"line":122},"35":{"loc":{"start":{"line":126,"column":26},"end":{"line":126,"column":35}},"type":"binary-expr","locations":[{"start":{"line":126,"column":26},"end":{"line":126,"column":29}},{"start":{"line":126,"column":33},"end":{"line":126,"column":35}}],"line":126},"36":{"loc":{"start":{"line":132,"column":20},"end":{"line":132,"column":54}},"type":"binary-expr","locations":[{"start":{"line":132,"column":20},"end":{"line":132,"column":38}},{"start":{"line":132,"column":43},"end":{"line":132,"column":53}}],"line":132},"37":{"loc":{"start":{"line":133,"column":22},"end":{"line":133,"column":43}},"type":"binary-expr","locations":[{"start":{"line":133,"column":22},"end":{"line":133,"column":37}},{"start":{"line":133,"column":41},"end":{"line":133,"column":43}}],"line":133}},"s":{"0":2,"1":0,"2":0,"3":0,"4":2,"5":7,"6":6,"7":1,"8":0,"9":1,"10":1,"11":0,"12":1,"13":2,"14":3,"15":2,"16":1,"17":1,"18":0,"19":1,"20":1,"21":2,"22":5,"23":0,"24":5,"25":5,"26":1,"27":4,"28":1,"29":3,"30":2,"31":7,"32":7,"33":5,"34":0,"35":5,"36":3,"37":2,"38":2,"39":0,"40":2,"41":7,"42":2,"43":7,"44":2,"45":5,"46":7,"47":7,"48":7,"49":5,"50":7,"51":7,"52":7,"53":7,"54":7,"55":5,"56":0,"57":5,"58":3,"59":3,"60":2,"61":2,"62":2,"63":2,"64":5,"65":5,"66":5,"67":7,"68":7,"69":7,"70":7,"71":0,"72":7,"73":7},"f":{"0":0,"1":7,"2":3,"3":5,"4":7,"5":5,"6":7,"7":5,"8":7,"9":5,"10":5,"11":3,"12":5,"13":7,"14":0},"b":{"0":[0],"1":[0],"2":[0,0],"3":[6,1],"4":[0,1],"5":[1,1],"6":[0],"7":[0],"8":[0,1],"9":[1,1],"10":[2,1],"11":[3,1,1,1,1],"12":[0,1],"13":[1,1],"14":[0,5],"15":[5,5,5,5,5,5],"16":[1,4],"17":[1,3],"18":[4,1],"19":[7],"20":[0,5],"21":[3,2],"22":[0,2],"23":[7,0],"24":[7,0],"25":[7,0],"26":[7,6],"27":[7,7,0],"28":[0,5],"29":[5,5],"30":[3,0],"31":[3,2],"32":[2,1],"33":[2,0],"34":[5,0],"35":[7,0],"36":[7,0],"37":[7,0]},"_coverageSchema":"1a1c01bbd47fc00a2c39e90264f33305004495a9","hash":"c02c266da5d42263df44deb4be2b733c936984e3"}
,"/Users/ryanmahoney/Documents/Universal-Route/src/scroll.js": {"path":"/Users/ryanmahoney/Documents/Universal-Route/src/scroll.js","statementMap":{"0":{"start":{"line":2,"column":19},"end":{"line":2,"column":27}},"1":{"start":{"line":4,"column":33},"end":{"line":7,"column":2}},"2":{"start":{"line":4,"column":40},"end":{"line":7,"column":1}},"3":{"start":{"line":9,"column":19},"end":{"line":12,"column":1}},"4":{"start":{"line":10,"column":31},"end":{"line":10,"column":46}},"5":{"start":{"line":11,"column":2},"end":{"line":11,"column":38}},"6":{"start":{"line":14,"column":18},"end":{"line":22,"column":1}},"7":{"start":{"line":15,"column":2},"end":{"line":15,"column":55}},"8":{"start":{"line":15,"column":45},"end":{"line":15,"column":55}},"9":{"start":{"line":16,"column":2},"end":{"line":21,"column":3}},"10":{"start":{"line":17,"column":17},"end":{"line":17,"column":51}},"11":{"start":{"line":18,"column":4},"end":{"line":18,"column":40}},"12":{"start":{"line":20,"column":4},"end":{"line":20,"column":14}},"13":{"start":{"line":24,"column":19},"end":{"line":31,"column":1}},"14":{"start":{"line":25,"column":2},"end":{"line":25,"column":52}},"15":{"start":{"line":25,"column":45},"end":{"line":25,"column":52}},"16":{"start":{"line":26,"column":2},"end":{"line":30,"column":3}},"17":{"start":{"line":27,"column":4},"end":{"line":27,"column":60}},"18":{"start":{"line":33,"column":41},"end":{"line":37,"column":1}},"19":{"start":{"line":34,"column":16},"end":{"line":34,"column":27}},"20":{"start":{"line":35,"column":2},"end":{"line":35,"column":44}},"21":{"start":{"line":36,"column":2},"end":{"line":36,"column":20}},"22":{"start":{"line":39,"column":31},"end":{"line":43,"column":1}},"23":{"start":{"line":40,"column":16},"end":{"line":40,"column":27}},"24":{"start":{"line":41,"column":2},"end":{"line":41,"column":42}},"25":{"start":{"line":42,"column":2},"end":{"line":42,"column":20}},"26":{"start":{"line":45,"column":43},"end":{"line":49,"column":1}},"27":{"start":{"line":46,"column":16},"end":{"line":46,"column":27}},"28":{"start":{"line":47,"column":2},"end":{"line":47,"column":32}},"29":{"start":{"line":47,"column":19},"end":{"line":47,"column":32}},"30":{"start":{"line":48,"column":2},"end":{"line":48,"column":28}}},"fnMap":{"0":{"name":"(anonymous_0)","decl":{"start":{"line":4,"column":33},"end":{"line":4,"column":34}},"loc":{"start":{"line":4,"column":40},"end":{"line":7,"column":1}},"line":4},"1":{"name":"(anonymous_1)","decl":{"start":{"line":9,"column":19},"end":{"line":9,"column":20}},"loc":{"start":{"line":9,"column":25},"end":{"line":12,"column":1}},"line":9},"2":{"name":"(anonymous_2)","decl":{"start":{"line":14,"column":18},"end":{"line":14,"column":19}},"loc":{"start":{"line":14,"column":24},"end":{"line":22,"column":1}},"line":14},"3":{"name":"(anonymous_3)","decl":{"start":{"line":24,"column":19},"end":{"line":24,"column":20}},"loc":{"start":{"line":24,"column":28},"end":{"line":31,"column":1}},"line":24},"4":{"name":"(anonymous_4)","decl":{"start":{"line":33,"column":41},"end":{"line":33,"column":42}},"loc":{"start":{"line":33,"column":47},"end":{"line":37,"column":1}},"line":33},"5":{"name":"(anonymous_5)","decl":{"start":{"line":39,"column":31},"end":{"line":39,"column":32}},"loc":{"start":{"line":39,"column":45},"end":{"line":43,"column":1}},"line":39},"6":{"name":"(anonymous_6)","decl":{"start":{"line":45,"column":43},"end":{"line":45,"column":44}},"loc":{"start":{"line":45,"column":58},"end":{"line":49,"column":1}},"line":45}},"branchMap":{"0":{"loc":{"start":{"line":5,"column":5},"end":{"line":5,"column":66}},"type":"binary-expr","locations":[{"start":{"line":5,"column":5},"end":{"line":5,"column":23}},{"start":{"line":5,"column":27},"end":{"line":5,"column":61}},{"start":{"line":5,"column":65},"end":{"line":5,"column":66}}],"line":5},"1":{"loc":{"start":{"line":6,"column":5},"end":{"line":6,"column":67}},"type":"binary-expr","locations":[{"start":{"line":6,"column":5},"end":{"line":6,"column":23}},{"start":{"line":6,"column":27},"end":{"line":6,"column":62}},{"start":{"line":6,"column":66},"end":{"line":6,"column":67}}],"line":6},"2":{"loc":{"start":{"line":11,"column":23},"end":{"line":11,"column":35}},"type":"binary-expr","locations":[{"start":{"line":11,"column":23},"end":{"line":11,"column":29}},{"start":{"line":11,"column":33},"end":{"line":11,"column":35}}],"line":11},"3":{"loc":{"start":{"line":15,"column":2},"end":{"line":15,"column":55}},"type":"if","locations":[{"start":{"line":15,"column":2},"end":{"line":15,"column":55}},{"start":{},"end":{}}],"line":15},"4":{"loc":{"start":{"line":18,"column":11},"end":{"line":18,"column":39}},"type":"cond-expr","locations":[{"start":{"line":18,"column":18},"end":{"line":18,"column":34}},{"start":{"line":18,"column":37},"end":{"line":18,"column":39}}],"line":18},"5":{"loc":{"start":{"line":25,"column":2},"end":{"line":25,"column":52}},"type":"if","locations":[{"start":{"line":25,"column":2},"end":{"line":25,"column":52}},{"start":{},"end":{}}],"line":25},"6":{"loc":{"start":{"line":41,"column":15},"end":{"line":41,"column":41}},"type":"binary-expr","locations":[{"start":{"line":41,"column":15},"end":{"line":41,"column":18}},{"start":{"line":41,"column":22},"end":{"line":41,"column":41}}],"line":41},"7":{"loc":{"start":{"line":45,"column":44},"end":{"line":45,"column":53}},"type":"default-arg","locations":[{"start":{"line":45,"column":50},"end":{"line":45,"column":53}}],"line":45},"8":{"loc":{"start":{"line":47,"column":2},"end":{"line":47,"column":32}},"type":"if","locations":[{"start":{"line":47,"column":2},"end":{"line":47,"column":32}},{"start":{},"end":{}}],"line":47},"9":{"loc":{"start":{"line":48,"column":9},"end":{"line":48,"column":27}},"type":"binary-expr","locations":[{"start":{"line":48,"column":9},"end":{"line":48,"column":19}},{"start":{"line":48,"column":23},"end":{"line":48,"column":27}}],"line":48}},"s":{"0":3,"1":3,"2":2,"3":3,"4":1,"5":1,"6":3,"7":9,"8":0,"9":9,"10":9,"11":9,"12":0,"13":3,"14":5,"15":0,"16":5,"17":5,"18":3,"19":1,"20":1,"21":1,"22":3,"23":4,"24":4,"25":4,"26":3,"27":4,"28":4,"29":1,"30":3},"f":{"0":2,"1":1,"2":9,"3":5,"4":1,"5":4,"6":4},"b":{"0":[2,0,0],"1":[2,0,0],"2":[1,1],"3":[0,9],"4":[5,4],"5":[0,5],"6":[4,0],"7":[0],"8":[1,3],"9":[3,1]},"_coverageSchema":"1a1c01bbd47fc00a2c39e90264f33305004495a9","hash":"fab21419553f03fbdeb09acddeace7ff51162c8e"}
}
