TN:
SF:src/handleHistoryChange.js
FN:3,(anonymous_0)
FN:14,(anonymous_1)
FN:25,(anonymous_2)
FN:36,originOf
FN:49,buildUrl
FN:55,kindFrom
FN:61,handleHistoryChange
FN:66,(anonymous_7)
FN:69,(anonymous_8)
FN:69,(anonymous_9)
FN:81,(anonymous_10)
FN:105,(anonymous_11)
FN:108,(anonymous_12)
FN:111,(anonymous_13)
FN:115,(anonymous_14)
FN:118,(anonymous_15)
FN:153,(anonymous_16)
FN:165,(anonymous_17)
FN:166,(anonymous_18)
FNF:19
FNH:12
FNDA:13,(anonymous_0)
FNDA:0,(anonymous_1)
FNDA:0,(anonymous_2)
FNDA:13,originOf
FNDA:13,buildUrl
FNDA:9,kindFrom
FNDA:9,handleHistoryChange
FNDA:0,(anonymous_7)
FNDA:0,(anonymous_8)
FNDA:0,(anonymous_9)
FNDA:13,(anonymous_10)
FNDA:11,(anonymous_11)
FNDA:11,(anonymous_12)
FNDA:0,(anonymous_13)
FNDA:2,(anonymous_14)
FNDA:13,(anonymous_15)
FNDA:1,(anonymous_16)
FNDA:7,(anonymous_17)
FNDA:0,(anonymous_18)
DA:3,2
DA:5,13
DA:6,13
DA:7,13
DA:10,0
DA:11,0
DA:12,0
DA:13,0
DA:14,0
DA:15,0
DA:20,0
DA:21,0
DA:22,0
DA:25,0
DA:26,0
DA:27,0
DA:28,0
DA:32,2
DA:33,2
DA:34,2
DA:37,13
DA:38,13
DA:43,13
DA:46,0
DA:50,13
DA:51,13
DA:52,13
DA:56,9
DA:57,8
DA:58,7
DA:67,0
DA:72,9
DA:73,0
DA:76,9
DA:77,1
DA:79,8
DA:81,8
DA:83,13
DA:84,11
DA:85,11
DA:88,13
DA:89,13
DA:92,13
DA:93,13
DA:95,13
DA:98,13
DA:106,11
DA:107,11
DA:109,11
DA:112,0
DA:116,2
DA:119,13
DA:120,10
DA:124,10
DA:125,10
DA:128,10
DA:129,9
DA:130,9
DA:131,8
DA:134,10
DA:140,10
DA:142,8
DA:146,10
DA:147,10
DA:148,9
DA:150,1
DA:151,1
DA:152,1
DA:153,1
DA:154,1
DA:164,2
DA:167,0
LF:72
LH:54
BRDA:5,0,0,13
BRDA:5,0,1,0
BRDA:5,1,0,13
BRDA:5,1,1,13
BRDA:6,2,0,13
BRDA:6,2,1,0
BRDA:22,3,0,0
BRDA:22,3,1,0
BRDA:27,4,0,0
BRDA:27,4,1,0
BRDA:38,5,0,13
BRDA:38,5,1,0
BRDA:39,6,0,13
BRDA:39,6,1,13
BRDA:39,6,2,13
BRDA:50,7,0,13
BRDA:50,7,1,0
BRDA:50,8,0,13
BRDA:50,8,1,13
BRDA:56,9,0,1
BRDA:56,9,1,8
BRDA:57,10,0,1
BRDA:57,10,1,7
BRDA:63,11,0,0
BRDA:65,12,0,0
BRDA:65,13,0,0
BRDA:65,13,1,0
BRDA:65,13,2,0
BRDA:66,14,0,0
BRDA:67,15,0,0
BRDA:67,15,1,0
BRDA:67,16,0,0
BRDA:67,16,1,0
BRDA:69,17,0,0
BRDA:72,18,0,0
BRDA:72,18,1,9
BRDA:72,19,0,9
BRDA:72,19,1,9
BRDA:76,20,0,1
BRDA:76,20,1,8
BRDA:83,21,0,11
BRDA:83,21,1,2
BRDA:83,22,0,13
BRDA:83,22,1,11
BRDA:90,23,0,13
BRDA:90,23,1,0
BRDA:92,24,0,13
BRDA:92,24,1,0
BRDA:92,25,0,13
BRDA:92,25,1,13
BRDA:93,26,0,13
BRDA:93,26,1,0
BRDA:93,27,0,13
BRDA:93,27,1,13
BRDA:102,28,0,13
BRDA:102,28,1,0
BRDA:106,29,0,11
BRDA:106,29,1,0
BRDA:106,30,0,11
BRDA:106,30,1,11
BRDA:109,31,0,11
BRDA:109,31,1,0
BRDA:109,32,0,11
BRDA:109,32,1,0
BRDA:112,33,0,0
BRDA:112,33,1,0
BRDA:119,34,0,3
BRDA:119,34,1,10
BRDA:120,35,0,10
BRDA:120,35,1,0
BRDA:120,36,0,10
BRDA:120,36,1,10
BRDA:124,37,0,10
BRDA:124,37,1,10
BRDA:124,37,2,1
BRDA:125,38,0,10
BRDA:125,38,1,9
BRDA:125,38,2,0
BRDA:128,39,0,9
BRDA:128,39,1,1
BRDA:130,40,0,1
BRDA:130,40,1,8
BRDA:131,41,0,1
BRDA:131,41,1,7
BRDA:140,42,0,8
BRDA:140,42,1,2
BRDA:140,43,0,10
BRDA:140,43,1,10
BRDA:146,44,0,10
BRDA:146,44,1,0
BRDA:146,45,0,10
BRDA:146,45,1,10
BRDA:147,46,0,9
BRDA:147,46,1,1
BRDA:150,47,0,1
BRDA:150,47,1,0
BRDA:150,48,0,1
BRDA:150,48,1,1
BRDA:152,49,0,1
BRDA:152,49,1,0
BRDA:154,50,0,1
BRDA:154,50,1,0
BRDA:154,51,0,1
BRDA:154,51,1,0
BRF:104
BRH:68
end_of_record
TN:
SF:src/helper.js
FN:5,(anonymous_0)
FN:9,(anonymous_1)
FN:20,(anonymous_2)
FN:28,(anonymous_3)
FN:29,(anonymous_4)
FN:29,(anonymous_5)
FN:34,(anonymous_6)
FN:37,(anonymous_7)
FN:47,(anonymous_8)
FN:50,(anonymous_9)
FN:57,(anonymous_10)
FN:60,(anonymous_11)
FN:65,(anonymous_12)
FN:70,(anonymous_13)
FN:80,(anonymous_14)
FN:83,(anonymous_15)
FN:86,(anonymous_16)
FN:90,(anonymous_17)
FN:96,(anonymous_18)
FN:98,(anonymous_19)
FN:111,(anonymous_20)
FN:125,(anonymous_21)
FN:139,(anonymous_22)
FN:143,(anonymous_23)
FNF:24
FNH:20
FNDA:11,(anonymous_0)
FNDA:14,(anonymous_1)
FNDA:14,(anonymous_2)
FNDA:14,(anonymous_3)
FNDA:14,(anonymous_4)
FNDA:3,(anonymous_5)
FNDA:1,(anonymous_6)
FNDA:5,(anonymous_7)
FNDA:0,(anonymous_8)
FNDA:0,(anonymous_9)
FNDA:14,(anonymous_10)
FNDA:0,(anonymous_11)
FNDA:8,(anonymous_12)
FNDA:5,(anonymous_13)
FNDA:8,(anonymous_14)
FNDA:19,(anonymous_15)
FNDA:1,(anonymous_16)
FNDA:13,(anonymous_17)
FNDA:2,(anonymous_18)
FNDA:0,(anonymous_19)
FNDA:9,(anonymous_20)
FNDA:1,(anonymous_21)
FNDA:9,(anonymous_22)
FNDA:23,(anonymous_23)
DA:5,11
DA:9,3
DA:10,14
DA:11,3
DA:13,11
DA:14,0
DA:17,11
DA:21,14
DA:22,3
DA:23,3
DA:25,11
DA:28,14
DA:29,14
DA:30,11
DA:34,3
DA:37,3
DA:40,5
DA:41,2
DA:42,3
DA:43,3
DA:44,0
DA:46,0
DA:47,0
DA:48,0
DA:50,0
DA:53,5
DA:57,3
DA:58,14
DA:60,14
DA:61,14
DA:65,3
DA:66,8
DA:67,5
DA:69,3
DA:70,3
DA:71,5
DA:74,0
DA:80,3
DA:81,8
DA:83,8
DA:85,19
DA:86,5
DA:89,14
DA:90,14
DA:91,13
DA:92,13
DA:94,7
DA:96,2
DA:99,0
DA:100,0
DA:103,7
DA:106,14
DA:111,3
DA:112,9
DA:113,14
DA:114,14
DA:115,14
DA:116,8
DA:125,1
DA:126,1
DA:127,0
DA:135,1
DA:139,3
DA:141,9
DA:143,23
DA:146,9
DA:149,9
LF:67
LH:57
BRDA:10,0,0,3
BRDA:10,0,1,11
BRDA:10,1,0,14
BRDA:10,1,1,14
BRDA:13,2,0,0
BRDA:13,2,1,11
BRDA:13,3,0,11
BRDA:13,3,1,11
BRDA:21,4,0,3
BRDA:21,4,1,11
BRDA:40,5,0,2
BRDA:40,5,1,3
BRDA:42,6,0,3
BRDA:42,6,1,0
BRDA:44,7,0,0
BRDA:44,7,1,0
BRDA:44,8,0,0
BRDA:44,8,1,0
BRDA:47,9,0,0
BRDA:47,9,1,0
BRDA:47,9,2,0
BRDA:47,9,3,0
BRDA:57,10,0,0
BRDA:58,11,0,0
BRDA:60,12,0,14
BRDA:60,12,1,14
BRDA:60,12,2,0
BRDA:60,12,3,0
BRDA:66,13,0,5
BRDA:66,13,1,3
BRDA:69,14,0,3
BRDA:69,14,1,0
BRDA:69,15,0,3
BRDA:69,15,1,3
BRDA:80,16,0,0
BRDA:85,17,0,5
BRDA:85,17,1,14
BRDA:85,18,0,19
BRDA:85,18,1,14
BRDA:92,19,0,6
BRDA:92,19,1,7
BRDA:94,20,0,2
BRDA:94,20,1,5
BRDA:113,21,0,0
BRDA:113,21,1,14
BRDA:115,22,0,8
BRDA:115,22,1,6
BRDA:118,23,0,8
BRDA:118,23,1,0
BRDA:125,24,0,1
BRDA:125,24,1,1
BRDA:126,25,0,0
BRDA:126,25,1,1
BRDA:141,26,0,9
BRDA:141,26,1,9
BRDA:143,27,0,23
BRDA:143,27,1,23
BRDA:146,28,0,9
BRDA:146,28,1,0
BRF:59
BRH:39
end_of_record
TN:
SF:src/history.js
FN:9,(anonymous_0)
FNF:1
FNH:1
FNDA:1,(anonymous_0)
DA:5,2
DA:9,2
DA:10,1
LF:3
LH:3
BRDA:5,0,0,2
BRDA:5,0,1,0
BRDA:5,1,0,2
BRDA:5,1,1,2
BRDA:5,1,2,2
BRDA:9,2,0,0
BRF:6
BRH:4
end_of_record
TN:
SF:src/index.js
FNF:0
FNH:0
LF:0
LH:0
BRF:0
BRH:0
end_of_record
TN:
SF:src/router.js
FN:6,(anonymous_0)
FN:11,(anonymous_1)
FN:23,(anonymous_2)
FN:39,(anonymous_3)
FN:57,(anonymous_4)
FN:60,(anonymous_5)
FN:71,(anonymous_6)
FN:83,(anonymous_7)
FN:83,(anonymous_8)
FN:90,(anonymous_9)
FN:103,(anonymous_10)
FN:106,(anonymous_11)
FN:121,(anonymous_12)
FN:128,(anonymous_13)
FN:132,(anonymous_14)
FNF:15
FNH:13
FNDA:0,(anonymous_0)
FNDA:7,(anonymous_1)
FNDA:3,(anonymous_2)
FNDA:5,(anonymous_3)
FNDA:7,(anonymous_4)
FNDA:5,(anonymous_5)
FNDA:7,(anonymous_6)
FNDA:5,(anonymous_7)
FNDA:7,(anonymous_8)
FNDA:5,(anonymous_9)
FNDA:5,(anonymous_10)
FNDA:3,(anonymous_11)
FNDA:5,(anonymous_12)
FNDA:7,(anonymous_13)
FNDA:0,(anonymous_14)
DA:6,2
DA:7,0
DA:8,0
DA:11,2
DA:12,7
DA:13,1
DA:14,0
DA:16,1
DA:17,1
DA:18,0
DA:20,1
DA:23,2
DA:24,3
DA:31,2
DA:33,1
DA:34,1
DA:35,1
DA:36,1
DA:39,2
DA:40,5
DA:48,0
DA:50,5
DA:51,5
DA:52,4
DA:53,3
DA:57,2
DA:58,7
DA:60,7
DA:61,5
DA:62,5
DA:63,2
DA:64,2
DA:65,2
DA:67,7
DA:71,2
DA:72,7
DA:83,5
DA:84,7
DA:88,7
DA:90,7
DA:93,7
DA:95,7
DA:98,7
DA:101,7
DA:103,7
DA:104,5
DA:106,5
DA:107,3
DA:108,3
DA:109,2
DA:110,2
DA:111,2
DA:112,2
DA:121,5
DA:122,5
DA:126,7
DA:127,7
DA:128,7
DA:132,7
DA:133,7
DA:134,7
LF:61
LH:56
BRDA:6,0,0,0
BRDA:6,1,0,0
BRDA:7,2,0,0
BRDA:7,2,1,0
BRDA:12,3,0,6
BRDA:12,3,1,1
BRDA:13,4,0,0
BRDA:13,4,1,1
BRDA:13,5,0,1
BRDA:13,5,1,1
BRDA:16,6,0,0
BRDA:16,7,0,0
BRDA:17,8,0,0
BRDA:17,8,1,1
BRDA:17,9,0,1
BRDA:17,9,1,1
BRDA:24,10,0,2
BRDA:24,10,1,1
BRDA:25,11,0,3
BRDA:25,11,1,1
BRDA:25,11,2,1
BRDA:25,11,3,1
BRDA:25,11,4,1
BRDA:34,12,0,0
BRDA:34,12,1,1
BRDA:36,13,0,1
BRDA:36,13,1,1
BRDA:40,14,0,0
BRDA:40,14,1,5
BRDA:41,15,0,5
BRDA:41,15,1,5
BRDA:41,15,2,5
BRDA:41,15,3,5
BRDA:41,15,4,5
BRDA:41,15,5,5
BRDA:51,16,0,1
BRDA:51,16,1,4
BRDA:52,17,0,1
BRDA:52,17,1,3
BRDA:52,18,0,4
BRDA:52,18,1,1
BRDA:57,19,0,7
BRDA:61,20,0,0
BRDA:61,20,1,5
BRDA:62,21,0,3
BRDA:62,21,1,2
BRDA:64,22,0,0
BRDA:64,22,1,2
BRDA:84,23,0,7
BRDA:84,23,1,0
BRDA:88,24,0,7
BRDA:88,24,1,0
BRDA:93,25,0,7
BRDA:93,25,1,0
BRDA:93,26,0,7
BRDA:93,26,1,6
BRDA:95,27,0,7
BRDA:95,27,1,7
BRDA:95,27,2,0
BRDA:104,28,0,0
BRDA:104,28,1,5
BRDA:104,29,0,5
BRDA:104,29,1,5
BRDA:107,30,0,3
BRDA:107,30,1,0
BRDA:107,31,0,3
BRDA:107,31,1,2
BRDA:108,32,0,2
BRDA:108,32,1,1
BRDA:111,33,0,2
BRDA:111,33,1,0
BRDA:122,34,0,5
BRDA:122,34,1,0
BRDA:126,35,0,7
BRDA:126,35,1,0
BRDA:132,36,0,7
BRDA:132,36,1,0
BRDA:133,37,0,7
BRDA:133,37,1,0
BRF:79
BRH:56
end_of_record
TN:
SF:src/scroll.js
FN:4,(anonymous_0)
FN:9,(anonymous_1)
FN:14,(anonymous_2)
FN:24,(anonymous_3)
FN:33,(anonymous_4)
FN:39,(anonymous_5)
FN:45,(anonymous_6)
FNF:7
FNH:7
FNDA:2,(anonymous_0)
FNDA:1,(anonymous_1)
FNDA:9,(anonymous_2)
FNDA:5,(anonymous_3)
FNDA:1,(anonymous_4)
FNDA:4,(anonymous_5)
FNDA:4,(anonymous_6)
DA:2,3
DA:4,3
DA:9,3
DA:10,1
DA:11,1
DA:14,3
DA:15,9
DA:16,9
DA:17,9
DA:18,9
DA:20,0
DA:24,3
DA:25,5
DA:26,5
DA:27,5
DA:33,3
DA:34,1
DA:35,1
DA:36,1
DA:39,3
DA:40,4
DA:41,4
DA:42,4
DA:45,3
DA:46,4
DA:47,4
DA:48,3
LF:27
LH:26
BRDA:5,0,0,2
BRDA:5,0,1,0
BRDA:5,0,2,0
BRDA:6,1,0,2
BRDA:6,1,1,0
BRDA:6,1,2,0
BRDA:11,2,0,1
BRDA:11,2,1,1
BRDA:15,3,0,0
BRDA:15,3,1,9
BRDA:18,4,0,5
BRDA:18,4,1,4
BRDA:25,5,0,0
BRDA:25,5,1,5
BRDA:41,6,0,4
BRDA:41,6,1,0
BRDA:45,7,0,0
BRDA:47,8,0,1
BRDA:47,8,1,3
BRDA:48,9,0,3
BRDA:48,9,1,1
BRF:21
BRH:13
end_of_record
